<?xml version="1.0" encoding="UTF-8"?>
<testsuite xmlns:xsi="http://www.w3.org/2001/XMLSchema-instance" xsi:noNamespaceSchemaLocation="https://maven.apache.org/surefire/maven-surefire-plugin/xsd/surefire-test-report-3.0.xsd" version="3.0" name="spoon.test.imports.ImportTest" time="18.689" tests="51" errors="0" skipped="0" failures="0">
  <properties>
[...]
</properties>
  <testcase name="testGetImportKindReturnRightValue" classname="spoon.test.imports.ImportTest" time="0.004">
    <system-out><![CDATA[18:48:45.072 [main] INFO spoon.Launcher - Running in NOCLASSPATH mode (doc: http://spoon.gforge.inria.fr/launcher.html).
]]></system-out>
  </testcase>
  <testcase name="testJavaLangIsConsideredAsImported" classname="spoon.test.imports.ImportTest" time="0.112">
    <system-out><![CDATA[18:48:45.076 [main] INFO spoon.Launcher - Running in NOCLASSPATH mode (doc: http://spoon.gforge.inria.fr/launcher.html).
18:48:45.139 [main] INFO spoon.Launcher - Running in NOCLASSPATH mode (doc: http://spoon.gforge.inria.fr/launcher.html).
]]></system-out>
  </testcase>
  <testcase name="testAccessPath" classname="spoon.test.imports.ImportTest" time="0.102">
    <system-out><![CDATA[18:48:45.193 [main] INFO spoon.Launcher - Running in NOCLASSPATH mode (doc: http://spoon.gforge.inria.fr/launcher.html).
18:48:45.249 [main] INFO spoon.Launcher - Running in NOCLASSPATH mode (doc: http://spoon.gforge.inria.fr/launcher.html).
]]></system-out>
  </testcase>
  <testcase name="testAccessType" classname="spoon.test.imports.ImportTest" time="0.174">
    <system-out><![CDATA[18:48:45.301 [main] INFO spoon.Launcher - Running in NOCLASSPATH mode (doc: http://spoon.gforge.inria.fr/launcher.html).
18:48:45.302 [main] INFO spoon.Launcher - Running in NOCLASSPATH mode (doc: http://spoon.gforge.inria.fr/launcher.html).
]]></system-out>
  </testcase>
  <testcase name="testStaticMethodWithDifferentClassSameNameJava3NoCollision" classname="spoon.test.imports.ImportTest" time="0.129">
    <system-out><![CDATA[18:48:45.476 [main] INFO spoon.Launcher - Running in NOCLASSPATH mode (doc: http://spoon.gforge.inria.fr/launcher.html).
18:48:45.543 [main] INFO spoon.Launcher - Running in NOCLASSPATH mode (doc: http://spoon.gforge.inria.fr/launcher.html).
]]></system-out>
  </testcase>
  <testcase name="testEqualsImports" classname="spoon.test.imports.ImportTest" time="0.005">
    <system-out><![CDATA[18:48:45.616 [main] INFO spoon.Launcher - Running in NOCLASSPATH mode (doc: http://spoon.gforge.inria.fr/launcher.html).
]]></system-out>
  </testcase>
  <testcase name="testNewInnerClassDefinesInItsClassAndSuperClass" classname="spoon.test.imports.ImportTest" time="0.055">
    <system-out><![CDATA[18:48:45.620 [main] INFO spoon.Launcher - Running in NOCLASSPATH mode (doc: http://spoon.gforge.inria.fr/launcher.html).
18:48:45.620 [main] INFO spoon.Launcher - Running in NOCLASSPATH mode (doc: http://spoon.gforge.inria.fr/launcher.html).
]]></system-out>
  </testcase>
  <testcase name="testFQNJavadoc" classname="spoon.test.imports.ImportTest" time="0.101">
    <system-out><![CDATA[18:48:45.676 [main] INFO spoon.Launcher - Running in NOCLASSPATH mode (doc: http://spoon.gforge.inria.fr/launcher.html).
18:48:45.727 [main] INFO spoon.Launcher - Running in NOCLASSPATH mode (doc: http://spoon.gforge.inria.fr/launcher.html).
]]></system-out>
  </testcase>
  <testcase name="testVisitImportByKind" classname="spoon.test.imports.ImportTest" time="0.006">
    <system-out><![CDATA[18:48:45.778 [main] INFO spoon.Launcher - Running in NOCLASSPATH mode (doc: http://spoon.gforge.inria.fr/launcher.html).
]]></system-out>
  </testcase>
  <testcase name="testStaticMethodWithDifferentClassSameNameJava7NoCollision" classname="spoon.test.imports.ImportTest" time="0.16">
    <system-out><![CDATA[18:48:45.785 [main] INFO spoon.Launcher - Running in NOCLASSPATH mode (doc: http://spoon.gforge.inria.fr/launcher.html).
18:48:45.874 [main] INFO spoon.Launcher - Running in NOCLASSPATH mode (doc: http://spoon.gforge.inria.fr/launcher.html).
]]></system-out>
  </testcase>
  <testcase name="testNullable" classname="spoon.test.imports.ImportTest" time="0.084">
    <system-out><![CDATA[18:48:45.954 [main] INFO spoon.Launcher - Running in NOCLASSPATH mode (doc: http://spoon.gforge.inria.fr/launcher.html).
]]></system-out>
  </testcase>
  <testcase name="testDeepNestedStaticPathWithTypedParameter" classname="spoon.test.imports.ImportTest" time="0.111">
    <system-out><![CDATA[18:48:46.041 [main] INFO spoon.Launcher - Running in NOCLASSPATH mode (doc: http://spoon.gforge.inria.fr/launcher.html).
18:48:46.042 [main] INFO spoon.Launcher - Running in NOCLASSPATH mode (doc: http://spoon.gforge.inria.fr/launcher.html).
]]></system-out>
  </testcase>
  <testcase name="testImportOnSpoon" classname="spoon.test.imports.ImportTest" time="13.701">
    <system-out><![CDATA[18:48:46.165 [main] INFO spoon.Launcher - Running in NOCLASSPATH mode (doc: http://spoon.gforge.inria.fr/launcher.html).
]]></system-out>
  </testcase>
  <testcase name="testImportOfAnInnerClassInASuperClassPackageFullQualified" classname="spoon.test.imports.ImportTest" time="0.142">
    <system-out><![CDATA[18:48:59.865 [main] INFO spoon.Launcher - Running in NOCLASSPATH mode (doc: http://spoon.gforge.inria.fr/launcher.html).
]]></system-out>
  </testcase>
  <testcase name="testImportOfAnInnerClassInASuperClassPackageAutoImport" classname="spoon.test.imports.ImportTest" time="0.131">
    <system-out><![CDATA[18:49:00.008 [main] INFO spoon.Launcher - Running in NOCLASSPATH mode (doc: http://spoon.gforge.inria.fr/launcher.html).
]]></system-out>
  </testcase>
  <testcase name="testFullQualifiedNameImport" classname="spoon.test.imports.ImportTest" time="0.053">
    <system-out><![CDATA[18:49:00.140 [main] INFO spoon.Launcher - Running in NOCLASSPATH mode (doc: http://spoon.gforge.inria.fr/launcher.html).
]]></system-out>
  </testcase>
  <testcase name="testSuperInheritanceHierarchyFunctionListener" classname="spoon.test.imports.ImportTest" time="0.049">
    <system-out><![CDATA[18:49:00.193 [main] INFO spoon.Launcher - Running in NOCLASSPATH mode (doc: http://spoon.gforge.inria.fr/launcher.html).
]]></system-out>
  </testcase>
  <testcase name="testImportWithGenerics" classname="spoon.test.imports.ImportTest" time="0.044">
    <system-out><![CDATA[18:49:00.242 [main] INFO spoon.Launcher - Running in NOCLASSPATH mode (doc: http://spoon.gforge.inria.fr/launcher.html).
]]></system-out>
  </testcase>
  <testcase name="testBug2369_autoimports" classname="spoon.test.imports.ImportTest" time="0.045">
    <system-out><![CDATA[18:49:00.286 [main] INFO spoon.Launcher - Running in NOCLASSPATH mode (doc: http://spoon.gforge.inria.fr/launcher.html).
]]></system-out>
  </testcase>
  <testcase name="testNestedStaticPathWithTypedParameter" classname="spoon.test.imports.ImportTest" time="0.097">
    <system-out><![CDATA[18:49:00.332 [main] INFO spoon.Launcher - Running in NOCLASSPATH mode (doc: http://spoon.gforge.inria.fr/launcher.html).
18:49:00.332 [main] INFO spoon.Launcher - Running in NOCLASSPATH mode (doc: http://spoon.gforge.inria.fr/launcher.html).
]]></system-out>
  </testcase>
  <testcase name="testImportsForElementsAnnotatedWithTypeUseAnnotations" classname="spoon.test.imports.ImportTest" time="0.053">
    <system-out><![CDATA[18:49:00.429 [main] INFO spoon.Launcher - Running in NOCLASSPATH mode (doc: http://spoon.gforge.inria.fr/launcher.html).
]]></system-out>
  </testcase>
  <testcase name="testNestedAccessPathWithTypedParameter" classname="spoon.test.imports.ImportTest" time="0.126">
    <system-out><![CDATA[18:49:00.483 [main] INFO spoon.Launcher - Running in NOCLASSPATH mode (doc: http://spoon.gforge.inria.fr/launcher.html).
18:49:00.483 [main] INFO spoon.Launcher - Running in NOCLASSPATH mode (doc: http://spoon.gforge.inria.fr/launcher.html).
]]></system-out>
  </testcase>
  <testcase name="testImportByJavaDoc" classname="spoon.test.imports.ImportTest" time="0.052">
    <system-out><![CDATA[18:49:00.626 [main] INFO spoon.Launcher - Running in NOCLASSPATH mode (doc: http://spoon.gforge.inria.fr/launcher.html).
]]></system-out>
  </testcase>
  <testcase name="testImportStaticAndFieldAccessWithImport" classname="spoon.test.imports.ImportTest" time="0.045">
    <system-out><![CDATA[18:49:00.677 [main] INFO spoon.Launcher - Running in NOCLASSPATH mode (doc: http://spoon.gforge.inria.fr/launcher.html).
18:49:00.678 [main] INFO spoon.Launcher - Running in NOCLASSPATH mode (doc: http://spoon.gforge.inria.fr/launcher.html).
]]></system-out>
  </testcase>
  <testcase name="testmportInCu" classname="spoon.test.imports.ImportTest" time="0.054">
    <system-out><![CDATA[18:49:00.726 [main] INFO spoon.Launcher - Running in NOCLASSPATH mode (doc: http://spoon.gforge.inria.fr/launcher.html).
18:49:00.726 [main] INFO spoon.Launcher - Running in NOCLASSPATH mode (doc: http://spoon.gforge.inria.fr/launcher.html).
]]></system-out>
  </testcase>
  <testcase name="testSuperInheritanceHierarchyFunction" classname="spoon.test.imports.ImportTest" time="0.067">
    <system-out><![CDATA[18:49:00.789 [main] INFO spoon.Launcher - Running in NOCLASSPATH mode (doc: http://spoon.gforge.inria.fr/launcher.html).
]]></system-out>
  </testcase>
  <testcase name="testShouldNotCreateAutoreference" classname="spoon.test.imports.ImportTest" time="0.122">
    <system-out><![CDATA[18:49:00.867 [main] INFO spoon.Launcher - Running in NOCLASSPATH mode (doc: http://spoon.gforge.inria.fr/launcher.html).
18:49:00.943 [main] INFO spoon.Launcher - Running in NOCLASSPATH mode (doc: http://spoon.gforge.inria.fr/launcher.html).
]]></system-out>
  </testcase>
  <testcase name="testAnotherMissingImport" classname="spoon.test.imports.ImportTest" time="0.067">
    <system-out><![CDATA[18:49:00.990 [main] INFO spoon.Launcher - Running in NOCLASSPATH mode (doc: http://spoon.gforge.inria.fr/launcher.html).
18:49:00.991 [main] INFO spoon.Launcher - Running in NOCLASSPATH mode (doc: http://spoon.gforge.inria.fr/launcher.html).
]]></system-out>
  </testcase>
  <testcase name="testNestedAccessPathWithTypedParameterWithImports" classname="spoon.test.imports.ImportTest" time="0.133">
    <system-out><![CDATA[18:49:01.061 [main] INFO spoon.Launcher - Running in NOCLASSPATH mode (doc: http://spoon.gforge.inria.fr/launcher.html).
18:49:01.061 [main] INFO spoon.Launcher - Running in NOCLASSPATH mode (doc: http://spoon.gforge.inria.fr/launcher.html).
]]></system-out>
  </testcase>
  <testcase name="testMissingImport" classname="spoon.test.imports.ImportTest" time="0.044">
    <system-out><![CDATA[18:49:01.197 [main] INFO spoon.Launcher - Running in NOCLASSPATH mode (doc: http://spoon.gforge.inria.fr/launcher.html).
18:49:01.198 [main] INFO spoon.Launcher - Running in NOCLASSPATH mode (doc: http://spoon.gforge.inria.fr/launcher.html).
]]></system-out>
  </testcase>
  <testcase name="testSortImportPutStaticImportAfterTypeImport" classname="spoon.test.imports.ImportTest" time="0.111">
    <system-out><![CDATA[18:49:01.245 [main] INFO spoon.Launcher - Running in NOCLASSPATH mode (doc: http://spoon.gforge.inria.fr/launcher.html).
]]></system-out>
  </testcase>
  <testcase name="testCanAccess" classname="spoon.test.imports.ImportTest" time="0.142">
    <system-out><![CDATA[18:49:01.358 [main] INFO spoon.Launcher - Running in NOCLASSPATH mode (doc: http://spoon.gforge.inria.fr/launcher.html).
18:49:01.359 [main] INFO spoon.Launcher - Running in NOCLASSPATH mode (doc: http://spoon.gforge.inria.fr/launcher.html).
]]></system-out>
  </testcase>
  <testcase name="testSortingOfImports" classname="spoon.test.imports.ImportTest" time="0.821">
    <system-out><![CDATA[18:49:01.503 [main] INFO spoon.Launcher - Running in NOCLASSPATH mode (doc: http://spoon.gforge.inria.fr/launcher.html).
]]></system-out>
  </testcase>
  <testcase name="testDeepNestedStaticPathWithTypedParameterWithImports" classname="spoon.test.imports.ImportTest" time="0.095">
    <system-out><![CDATA[18:49:02.327 [main] INFO spoon.Launcher - Running in NOCLASSPATH mode (doc: http://spoon.gforge.inria.fr/launcher.html).
18:49:02.328 [main] INFO spoon.Launcher - Running in NOCLASSPATH mode (doc: http://spoon.gforge.inria.fr/launcher.html).
]]></system-out>
  </testcase>
  <testcase name="testMultipleCU" classname="spoon.test.imports.ImportTest" time="0.104">
    <system-out><![CDATA[18:49:02.426 [main] INFO spoon.Launcher - Running in NOCLASSPATH mode (doc: http://spoon.gforge.inria.fr/launcher.html).
18:49:02.476 [main] INFO spoon.Launcher - Running in NOCLASSPATH mode (doc: http://spoon.gforge.inria.fr/launcher.html).
]]></system-out>
  </testcase>
  <testcase name="testAccessToNestedClass" classname="spoon.test.imports.ImportTest" time="0.142">
    <system-out><![CDATA[18:49:02.533 [main] INFO spoon.Launcher - Running in NOCLASSPATH mode (doc: http://spoon.gforge.inria.fr/launcher.html).
18:49:02.533 [main] INFO spoon.Launcher - Running in NOCLASSPATH mode (doc: http://spoon.gforge.inria.fr/launcher.html).
]]></system-out>
  </testcase>
  <testcase name="testJavaLangIsConsideredAsImportedButNotForSubPackages" classname="spoon.test.imports.ImportTest" time="0.099">
    <system-out><![CDATA[18:49:02.678 [main] INFO spoon.Launcher - Running in NOCLASSPATH mode (doc: http://spoon.gforge.inria.fr/launcher.html).
18:49:02.729 [main] INFO spoon.Launcher - Running in NOCLASSPATH mode (doc: http://spoon.gforge.inria.fr/launcher.html).
]]></system-out>
  </testcase>
  <testcase name="testWithInnerEnumDoesNotImportStaticInnerMethods" classname="spoon.test.imports.ImportTest" time="0.104">
    <system-out><![CDATA[18:49:02.780 [main] INFO spoon.Launcher - Running in NOCLASSPATH mode (doc: http://spoon.gforge.inria.fr/launcher.html).
18:49:02.838 [main] INFO spoon.Launcher - Running in NOCLASSPATH mode (doc: http://spoon.gforge.inria.fr/launcher.html).
]]></system-out>
  </testcase>
  <testcase name="testImportOfAnInnerClassInAClassPackage" classname="spoon.test.imports.ImportTest" time="0.045">
    <system-out><![CDATA[18:49:02.888 [main] INFO spoon.Launcher - Running in NOCLASSPATH mode (doc: http://spoon.gforge.inria.fr/launcher.html).
18:49:02.888 [main] INFO spoon.Launcher - Running in NOCLASSPATH mode (doc: http://spoon.gforge.inria.fr/launcher.html).
]]></system-out>
  </testcase>
  <testcase name="testStaticImportOfEnumField" classname="spoon.test.imports.ImportTest" time="0.11">
    <system-out><![CDATA[18:49:02.936 [main] INFO spoon.Launcher - Running in NOCLASSPATH mode (doc: http://spoon.gforge.inria.fr/launcher.html).
18:49:02.988 [main] INFO spoon.Launcher - Running in NOCLASSPATH mode (doc: http://spoon.gforge.inria.fr/launcher.html).
]]></system-out>
  </testcase>
  <testcase name="testCanAccessTypeMember" classname="spoon.test.imports.ImportTest" time="0.051">
    <system-out><![CDATA[18:49:03.051 [main] INFO spoon.Launcher - Running in NOCLASSPATH mode (doc: http://spoon.gforge.inria.fr/launcher.html).
18:49:03.051 [main] INFO spoon.Launcher - Running in NOCLASSPATH mode (doc: http://spoon.gforge.inria.fr/launcher.html).
]]></system-out>
  </testcase>
  <testcase name="testSuperInheritanceHierarchyFunctionNoClasspath" classname="spoon.test.imports.ImportTest" time="0.049">
    <system-out><![CDATA[18:49:03.105 [main] INFO spoon.Launcher - Running in NOCLASSPATH mode (doc: http://spoon.gforge.inria.fr/launcher.html).
]]></system-out>
  </testcase>
  <testcase name="testImportOfAnInnerClassInASuperClassAvailableInLibrary" classname="spoon.test.imports.ImportTest" time="0.054">
    <system-out><![CDATA[18:49:03.157 [main] INFO spoon.Launcher - Running in NOCLASSPATH mode (doc: http://spoon.gforge.inria.fr/launcher.html).
]]></system-out>
  </testcase>
  <testcase name="testMethodChainAutoImports" classname="spoon.test.imports.ImportTest" time="0.047">
    <system-out><![CDATA[18:49:03.215 [main] INFO spoon.Launcher - Running in NOCLASSPATH mode (doc: http://spoon.gforge.inria.fr/launcher.html).
]]></system-out>
  </testcase>
  <testcase name="testImportStarredPackageWithNonVisibleClass" classname="spoon.test.imports.ImportTest" time="0.109">
    <system-out><![CDATA[18:49:03.264 [main] INFO spoon.Launcher - Running in NOCLASSPATH mode (doc: http://spoon.gforge.inria.fr/launcher.html).
]]></system-out>
  </testcase>
  <testcase name="testBug2369_fqn" classname="spoon.test.imports.ImportTest" time="0.046">
    <system-out><![CDATA[18:49:03.375 [main] INFO spoon.Launcher - Running in NOCLASSPATH mode (doc: http://spoon.gforge.inria.fr/launcher.html).
]]></system-out>
  </testcase>
  <testcase name="testImportStaticAndFieldAccess" classname="spoon.test.imports.ImportTest" time="0.044">
    <system-out><![CDATA[18:49:03.424 [main] INFO spoon.Launcher - Running in NOCLASSPATH mode (doc: http://spoon.gforge.inria.fr/launcher.html).
18:49:03.425 [main] INFO spoon.Launcher - Running in NOCLASSPATH mode (doc: http://spoon.gforge.inria.fr/launcher.html).
]]></system-out>
  </testcase>
  <testcase name="testStaticMethodWithDifferentClassSameNameCollision" classname="spoon.test.imports.ImportTest" time="0.123">
    <system-out><![CDATA[18:49:03.471 [main] INFO spoon.Launcher - Running in NOCLASSPATH mode (doc: http://spoon.gforge.inria.fr/launcher.html).
18:49:03.538 [main] INFO spoon.Launcher - Running in NOCLASSPATH mode (doc: http://spoon.gforge.inria.fr/launcher.html).
]]></system-out>
  </testcase>
  <testcase name="testNestedStaticPathWithTypedParameterWithImports" classname="spoon.test.imports.ImportTest" time="0.104">
    <system-out><![CDATA[18:49:03.598 [main] INFO spoon.Launcher - Running in NOCLASSPATH mode (doc: http://spoon.gforge.inria.fr/launcher.html).
18:49:03.598 [main] INFO spoon.Launcher - Running in NOCLASSPATH mode (doc: http://spoon.gforge.inria.fr/launcher.html).
]]></system-out>
  </testcase>
  <testcase name="testStaticImportForInvocationInNoClasspath" classname="spoon.test.imports.ImportTest" time="0.053">
    <system-out><![CDATA[18:49:03.704 [main] INFO spoon.Launcher - Running in NOCLASSPATH mode (doc: http://spoon.gforge.inria.fr/launcher.html).
18:49:03.705 [main] INFO spoon.Launcher - Running in NOCLASSPATH mode (doc: http://spoon.gforge.inria.fr/launcher.html).
]]></system-out>
  </testcase>
  <testcase name="testImportReferenceIsFullyQualifiedAndNoGeneric" classname="spoon.test.imports.ImportTest" time="0.001"/>
</testsuite>