<?xml version="1.0" encoding="UTF-8"?>
<testsuite xmlns:xsi="http://www.w3.org/2001/XMLSchema-instance" xsi:noNamespaceSchemaLocation="https://maven.apache.org/surefire/maven-surefire-plugin/xsd/surefire-test-report.xsd" name="spoon.reflect.visitor.CtInheritanceScannerTest" time="0.828" tests="84" errors="0" skipped="0" failures="0">
  <properties>
[...]
</properties>
  <testcase name="testCtInheritanceScanner[interface spoon.reflect.code.CtCodeSnippetStatement]" classname="spoon.reflect.visitor.CtInheritanceScannerTest" time="0.416"/>
  <testcase name="testCtInheritanceScanner[interface spoon.reflect.declaration.CtImport]" classname="spoon.reflect.visitor.CtInheritanceScannerTest" time="0.001"/>
  <testcase name="testCtInheritanceScanner[interface spoon.reflect.declaration.CtImport]" classname="spoon.reflect.visitor.CtInheritanceScannerTest" time="0.003"/>
  <testcase name="testCtInheritanceScanner[interface spoon.reflect.declaration.CtClass]" classname="spoon.reflect.visitor.CtInheritanceScannerTest" time="0.009"/>
  <testcase name="testCtInheritanceScanner[interface spoon.reflect.reference.CtFieldReference]" classname="spoon.reflect.visitor.CtInheritanceScannerTest" time="0.003"/>
  <testcase name="testCtInheritanceScanner[interface spoon.reflect.code.CtThisAccess]" classname="spoon.reflect.visitor.CtInheritanceScannerTest" time="0.005"/>
  <testcase name="testCtInheritanceScanner[interface spoon.reflect.code.CtSuperAccess]" classname="spoon.reflect.visitor.CtInheritanceScannerTest" time="0.003"/>
  <testcase name="testCtInheritanceScanner[interface spoon.reflect.code.CtFor]" classname="spoon.reflect.visitor.CtInheritanceScannerTest" time="0.004"/>
  <testcase name="testCtInheritanceScanner[interface spoon.reflect.code.CtForEach]" classname="spoon.reflect.visitor.CtInheritanceScannerTest" time="0.003"/>
  <testcase name="testCtInheritanceScanner[interface spoon.reflect.code.CtIf]" classname="spoon.reflect.visitor.CtInheritanceScannerTest" time="0.004"/>
  <testcase name="testCtInheritanceScanner[interface spoon.reflect.declaration.CtInterface]" classname="spoon.reflect.visitor.CtInheritanceScannerTest" time="0.006"/>
  <testcase name="testCtInheritanceScanner[interface spoon.reflect.code.CtInvocation]" classname="spoon.reflect.visitor.CtInheritanceScannerTest" time="0.01"/>
  <testcase name="testCtInheritanceScanner[interface spoon.reflect.code.CtLiteral]" classname="spoon.reflect.visitor.CtInheritanceScannerTest" time="0.001"/>
  <testcase name="testCtInheritanceScanner[interface spoon.reflect.code.CtLocalVariable]" classname="spoon.reflect.visitor.CtInheritanceScannerTest" time="0.002"/>
  <testcase name="testCtInheritanceScanner[interface spoon.reflect.reference.CtLocalVariableReference]" classname="spoon.reflect.visitor.CtInheritanceScannerTest" time="0.002"/>
  <testcase name="testCtInheritanceScanner[interface spoon.reflect.code.CtCatchVariable]" classname="spoon.reflect.visitor.CtInheritanceScannerTest" time="0.005"/>
  <testcase name="testCtInheritanceScanner[interface spoon.reflect.reference.CtCatchVariableReference]" classname="spoon.reflect.visitor.CtInheritanceScannerTest" time="0.001"/>
  <testcase name="testCtInheritanceScanner[interface spoon.reflect.declaration.CtMethod]" classname="spoon.reflect.visitor.CtInheritanceScannerTest" time="0.006"/>
  <testcase name="testCtInheritanceScanner[interface spoon.reflect.declaration.CtAnnotationMethod]" classname="spoon.reflect.visitor.CtInheritanceScannerTest" time="0.005"/>
  <testcase name="testCtInheritanceScanner[interface spoon.reflect.code.CtNewArray]" classname="spoon.reflect.visitor.CtInheritanceScannerTest" time="0.004"/>
  <testcase name="testCtInheritanceScanner[interface spoon.reflect.code.CtConstructorCall]" classname="spoon.reflect.visitor.CtInheritanceScannerTest" time="0.001"/>
  <testcase name="testCtInheritanceScanner[interface spoon.reflect.code.CtNewClass]" classname="spoon.reflect.visitor.CtInheritanceScannerTest" time="0.001"/>
  <testcase name="testCtInheritanceScanner[interface spoon.reflect.code.CtLambda]" classname="spoon.reflect.visitor.CtInheritanceScannerTest" time="0.003"/>
  <testcase name="testCtInheritanceScanner[interface spoon.reflect.code.CtExecutableReferenceExpression]" classname="spoon.reflect.visitor.CtInheritanceScannerTest" time="0.004"/>
  <testcase name="testCtInheritanceScanner[interface spoon.reflect.code.CtOperatorAssignment]" classname="spoon.reflect.visitor.CtInheritanceScannerTest" time="0.004"/>
  <testcase name="testCtInheritanceScanner[interface spoon.reflect.declaration.CtPackage]" classname="spoon.reflect.visitor.CtInheritanceScannerTest" time="0.001"/>
  <testcase name="testCtInheritanceScanner[interface spoon.reflect.reference.CtPackageReference]" classname="spoon.reflect.visitor.CtInheritanceScannerTest" time="0.001"/>
  <testcase name="testCtInheritanceScanner[interface spoon.reflect.declaration.CtParameter]" classname="spoon.reflect.visitor.CtInheritanceScannerTest" time="0.004"/>
  <testcase name="testCtInheritanceScanner[interface spoon.reflect.reference.CtParameterReference]" classname="spoon.reflect.visitor.CtInheritanceScannerTest" time="0.005"/>
  <testcase name="testCtInheritanceScanner[interface spoon.reflect.code.CtReturn]" classname="spoon.reflect.visitor.CtInheritanceScannerTest" time="0.001"/>
  <testcase name="testCtInheritanceScanner[interface spoon.reflect.code.CtSwitch]" classname="spoon.reflect.visitor.CtInheritanceScannerTest" time="0.003"/>
  <testcase name="testCtInheritanceScanner[interface spoon.reflect.declaration.CtAnnotation]" classname="spoon.reflect.visitor.CtInheritanceScannerTest" time="0.004"/>
  <testcase name="testCtInheritanceScanner[interface spoon.reflect.declaration.CtAnnotationType]" classname="spoon.reflect.visitor.CtInheritanceScannerTest" time="0.003"/>
  <testcase name="testCtInheritanceScanner[interface spoon.reflect.declaration.CtAnonymousExecutable]" classname="spoon.reflect.visitor.CtInheritanceScannerTest" time="0.004"/>
  <testcase name="testCtInheritanceScanner[interface spoon.reflect.code.CtArrayRead]" classname="spoon.reflect.visitor.CtInheritanceScannerTest" time="0.008"/>
  <testcase name="testCtInheritanceScanner[interface spoon.reflect.code.CtArrayWrite]" classname="spoon.reflect.visitor.CtInheritanceScannerTest" time="0.002"/>
  <testcase name="testCtInheritanceScanner[interface spoon.reflect.reference.CtArrayTypeReference]" classname="spoon.reflect.visitor.CtInheritanceScannerTest" time="0.001"/>
  <testcase name="testCtInheritanceScanner[interface spoon.reflect.code.CtAssert]" classname="spoon.reflect.visitor.CtInheritanceScannerTest" time="0.001"/>
  <testcase name="testCtInheritanceScanner[interface spoon.reflect.code.CtAssignment]" classname="spoon.reflect.visitor.CtInheritanceScannerTest" time="0.002"/>
  <testcase name="testCtInheritanceScanner[interface spoon.reflect.code.CtBinaryOperator]" classname="spoon.reflect.visitor.CtInheritanceScannerTest" time="0.001"/>
  <testcase name="testCtInheritanceScanner[interface spoon.reflect.code.CtBlock]" classname="spoon.reflect.visitor.CtInheritanceScannerTest" time="0.001"/>
  <testcase name="testCtInheritanceScanner[interface spoon.reflect.code.CtBreak]" classname="spoon.reflect.visitor.CtInheritanceScannerTest" time="0.001"/>
  <testcase name="testCtInheritanceScanner[interface spoon.reflect.code.CtCase]" classname="spoon.reflect.visitor.CtInheritanceScannerTest" time="0.001"/>
  <testcase name="testCtInheritanceScanner[interface spoon.reflect.code.CtCatch]" classname="spoon.reflect.visitor.CtInheritanceScannerTest" time="0.001"/>
  <testcase name="testCtInheritanceScanner[interface spoon.reflect.declaration.CtTypeParameter]" classname="spoon.reflect.visitor.CtInheritanceScannerTest" time="0.002"/>
  <testcase name="testCtInheritanceScanner[interface spoon.reflect.code.CtConditional]" classname="spoon.reflect.visitor.CtInheritanceScannerTest" time="0.007"/>
  <testcase name="testCtInheritanceScanner[interface spoon.reflect.declaration.CtConstructor]" classname="spoon.reflect.visitor.CtInheritanceScannerTest" time="0"/>
  <testcase name="testCtInheritanceScanner[interface spoon.reflect.declaration.CtConstructor]" classname="spoon.reflect.visitor.CtInheritanceScannerTest" time="0"/>
  <testcase name="testCtInheritanceScanner[interface spoon.reflect.code.CtContinue]" classname="spoon.reflect.visitor.CtInheritanceScannerTest" time="0"/>
  <testcase name="testCtInheritanceScanner[interface spoon.reflect.code.CtDo]" classname="spoon.reflect.visitor.CtInheritanceScannerTest" time="0"/>
  <testcase name="testCtInheritanceScanner[interface spoon.reflect.declaration.CtEnum]" classname="spoon.reflect.visitor.CtInheritanceScannerTest" time="0"/>
  <testcase name="testCtInheritanceScanner[interface spoon.reflect.reference.CtExecutableReference]" classname="spoon.reflect.visitor.CtInheritanceScannerTest" time="0"/>
  <testcase name="testCtInheritanceScanner[interface spoon.reflect.declaration.CtField]" classname="spoon.reflect.visitor.CtInheritanceScannerTest" time="0"/>
  <testcase name="testCtInheritanceScanner[interface spoon.reflect.declaration.CtEnumValue]" classname="spoon.reflect.visitor.CtInheritanceScannerTest" time="0"/>
  <testcase name="testCtInheritanceScanner[interface spoon.reflect.code.CtFieldRead]" classname="spoon.reflect.visitor.CtInheritanceScannerTest" time="0"/>
  <testcase name="testCtInheritanceScanner[interface spoon.reflect.code.CtFieldWrite]" classname="spoon.reflect.visitor.CtInheritanceScannerTest" time="0"/>
  <testcase name="testCtInheritanceScanner[interface spoon.reflect.reference.CtTypeMemberWildcardImportReference]" classname="spoon.reflect.visitor.CtInheritanceScannerTest" time="0"/>
  <testcase name="testCtInheritanceScanner[interface spoon.reflect.reference.CtTypeParameterReference]" classname="spoon.reflect.visitor.CtInheritanceScannerTest" time="0"/>
  <testcase name="testCtInheritanceScanner[interface spoon.reflect.code.CtStatementList]" classname="spoon.reflect.visitor.CtInheritanceScannerTest" time="0"/>
  <testcase name="testCtInheritanceScanner[interface spoon.reflect.code.CtSynchronized]" classname="spoon.reflect.visitor.CtInheritanceScannerTest" time="0"/>
  <testcase name="testCtInheritanceScanner[interface spoon.reflect.code.CtThrow]" classname="spoon.reflect.visitor.CtInheritanceScannerTest" time="0"/>
  <testcase name="testCtInheritanceScanner[interface spoon.reflect.code.CtTry]" classname="spoon.reflect.visitor.CtInheritanceScannerTest" time="0"/>
  <testcase name="testCtInheritanceScanner[interface spoon.reflect.code.CtTryWithResource]" classname="spoon.reflect.visitor.CtInheritanceScannerTest" time="0"/>
  <testcase name="testCtInheritanceScanner[interface spoon.reflect.reference.CtWildcardReference]" classname="spoon.reflect.visitor.CtInheritanceScannerTest" time="0"/>
  <testcase name="testCtInheritanceScanner[interface spoon.reflect.reference.CtIntersectionTypeReference]" classname="spoon.reflect.visitor.CtInheritanceScannerTest" time="0"/>
  <testcase name="testCtInheritanceScanner[interface spoon.reflect.reference.CtTypeReference]" classname="spoon.reflect.visitor.CtInheritanceScannerTest" time="0"/>
  <testcase name="testCtInheritanceScanner[interface spoon.reflect.code.CtTypeAccess]" classname="spoon.reflect.visitor.CtInheritanceScannerTest" time="0"/>
  <testcase name="testCtInheritanceScanner[interface spoon.reflect.code.CtUnaryOperator]" classname="spoon.reflect.visitor.CtInheritanceScannerTest" time="0"/>
  <testcase name="testCtInheritanceScanner[interface spoon.reflect.code.CtVariableRead]" classname="spoon.reflect.visitor.CtInheritanceScannerTest" time="0"/>
  <testcase name="testCtInheritanceScanner[interface spoon.reflect.code.CtVariableWrite]" classname="spoon.reflect.visitor.CtInheritanceScannerTest" time="0"/>
  <testcase name="testCtInheritanceScanner[interface spoon.reflect.code.CtWhile]" classname="spoon.reflect.visitor.CtInheritanceScannerTest" time="0"/>
  <testcase name="testCtInheritanceScanner[interface spoon.reflect.code.CtCodeSnippetExpression]" classname="spoon.reflect.visitor.CtInheritanceScannerTest" time="0"/>
  <testcase name="testCtInheritanceScanner[interface spoon.reflect.code.CtComment]" classname="spoon.reflect.visitor.CtInheritanceScannerTest" time="0"/>
  <testcase name="testCtInheritanceScanner[interface spoon.reflect.code.CtJavaDoc]" classname="spoon.reflect.visitor.CtInheritanceScannerTest" time="0"/>
  <testcase name="testCtInheritanceScanner[interface spoon.reflect.code.CtJavaDocTag]" classname="spoon.reflect.visitor.CtInheritanceScannerTest" time="0"/>
  <testcase name="testCtInheritanceScanner[interface spoon.reflect.declaration.CtPackageDeclaration]" classname="spoon.reflect.visitor.CtInheritanceScannerTest" time="0"/>
  <testcase name="testCtInheritanceScanner[interface spoon.reflect.code.CtAnnotationFieldAccess]" classname="spoon.reflect.visitor.CtInheritanceScannerTest" time="0"/>
  <testcase name="testCtInheritanceScanner[interface spoon.reflect.reference.CtUnboundVariableReference]" classname="spoon.reflect.visitor.CtInheritanceScannerTest" time="0"/>
  <testcase name="testCtInheritanceScanner[interface spoon.reflect.declaration.CtModule]" classname="spoon.reflect.visitor.CtInheritanceScannerTest" time="0"/>
  <testcase name="testCtInheritanceScanner[interface spoon.reflect.reference.CtModuleReference]" classname="spoon.reflect.visitor.CtInheritanceScannerTest" time="0"/>
  <testcase name="testCtInheritanceScanner[interface spoon.reflect.declaration.CtModuleRequirement]" classname="spoon.reflect.visitor.CtInheritanceScannerTest" time="0"/>
  <testcase name="testCtInheritanceScanner[interface spoon.reflect.declaration.CtPackageExport]" classname="spoon.reflect.visitor.CtInheritanceScannerTest" time="0"/>
  <testcase name="testCtInheritanceScanner[interface spoon.reflect.declaration.CtProvidedService]" classname="spoon.reflect.visitor.CtInheritanceScannerTest" time="0"/>
  <testcase name="testCtInheritanceScanner[interface spoon.reflect.declaration.CtUsedService]" classname="spoon.reflect.visitor.CtInheritanceScannerTest" time="0"/>
</testsuite>