<?xml version="1.0" encoding="UTF-8"?>
<testsuite xmlns:xsi="http://www.w3.org/2001/XMLSchema-instance" xsi:noNamespaceSchemaLocation="https://maven.apache.org/surefire/maven-surefire-plugin/xsd/surefire-test-report-3.0.xsd" version="3.0" name="spoon.MavenLauncherTest" time="39.438" tests="12" errors="0" skipped="1" failures="0">
  <properties>
[...]
</properties>
  <testcase name="testForceRefresh" classname="spoon.MavenLauncherTest" time="3.503">
    <system-out><![CDATA[18:28:37.078 [main] INFO spoon.Launcher - Running in NOCLASSPATH mode (doc: http://spoon.gforge.inria.fr/launcher.html).
18:28:37.408 [main] INFO spoon.Launcher - Running in NOCLASSPATH mode (doc: http://spoon.gforge.inria.fr/launcher.html).
18:28:39.085 [Thread-4] DEBUG spoon.Launcher - [INFO] Scanning for projects...
18:28:39.142 [Thread-4] DEBUG spoon.Launcher - [WARNING] 
18:28:39.143 [Thread-4] DEBUG spoon.Launcher - [WARNING] Some problems were encountered while building the effective model for org.foo.bar:foobar:jar:1.0.0-SNAPSHOT
18:28:39.147 [Thread-4] DEBUG spoon.Launcher - [WARNING] 'dependencies.dependency.systemPath' for com.infradna.tool:bridge-method-annotation:jar should not point at files within the project directory, ${basedir}/lib/bridge-method-annotation-1.13.jar will be unresolvable by dependent projects @ line 18, column 25
18:28:39.147 [Thread-4] DEBUG spoon.Launcher - [WARNING] 
18:28:39.152 [Thread-4] DEBUG spoon.Launcher - [WARNING] It is highly recommended to fix these problems because they threaten the stability of your build.
18:28:39.152 [Thread-4] DEBUG spoon.Launcher - [WARNING] 
18:28:39.152 [Thread-4] DEBUG spoon.Launcher - [WARNING] For this reason, future Maven versions might no longer support building such malformed projects.
18:28:39.153 [Thread-4] DEBUG spoon.Launcher - [WARNING] 
18:28:39.517 [Thread-4] DEBUG spoon.Launcher - [INFO] 
18:28:39.522 [Thread-4] DEBUG spoon.Launcher - [INFO] -------------------------< org.foo.bar:foobar >-------------------------
18:28:39.523 [Thread-4] DEBUG spoon.Launcher - [INFO] Building foobar 1.0.0-SNAPSHOT
18:28:39.526 [Thread-4] DEBUG spoon.Launcher - [INFO] --------------------------------[ jar ]---------------------------------
18:28:39.552 [Thread-4] DEBUG spoon.Launcher - [INFO] 
18:28:39.552 [Thread-4] DEBUG spoon.Launcher - [INFO] --- maven-dependency-plugin:2.8:build-classpath (default-cli) @ foobar ---
18:28:40.558 [Thread-4] DEBUG spoon.Launcher - [INFO] Wrote classpath file '/home/travis/build/SpoonLabs/spoon-ci-external/spoon/src/test/resources/maven-launcher/system-dependency/spoon.classpath.tmp'.
18:28:40.560 [Thread-4] DEBUG spoon.Launcher - [INFO] ------------------------------------------------------------------------
18:28:40.561 [Thread-4] DEBUG spoon.Launcher - [INFO] BUILD SUCCESS
18:28:40.562 [Thread-4] DEBUG spoon.Launcher - [INFO] ------------------------------------------------------------------------
18:28:40.564 [Thread-4] DEBUG spoon.Launcher - [INFO] Total time:  1.499 s
18:28:40.565 [Thread-4] DEBUG spoon.Launcher - [INFO] Finished at: 2020-09-24T18:28:40Z
18:28:40.565 [Thread-4] DEBUG spoon.Launcher - [INFO] ------------------------------------------------------------------------
]]></system-out>
  </testcase>
  <testcase name="mavenLauncherTestMultiModulesAndVariables" classname="spoon.MavenLauncherTest" time="5.545">
    <system-out><![CDATA[18:28:40.579 [main] INFO spoon.Launcher - Running in NOCLASSPATH mode (doc: http://spoon.gforge.inria.fr/launcher.html).
18:28:42.198 [Thread-7] DEBUG spoon.Launcher - [INFO] Scanning for projects...
18:28:43.427 [Thread-7] DEBUG spoon.Launcher - [INFO] 
18:28:43.429 [Thread-7] DEBUG spoon.Launcher - [INFO] -----------------------< org.pac4j:pac4j-config >-----------------------
18:28:43.430 [Thread-7] DEBUG spoon.Launcher - [INFO] Building pac4j configuration 3.0.0
18:28:43.431 [Thread-7] DEBUG spoon.Launcher - [INFO] --------------------------------[ jar ]---------------------------------
18:28:43.970 [Thread-7] DEBUG spoon.Launcher - [INFO] Downloading from apache-snapshots: https://repository.apache.org/snapshots/net/minidev/json-smart/maven-metadata.xml
18:28:43.976 [Thread-7] DEBUG spoon.Launcher - [INFO] Downloading from sonatype-apache: https://repository.apache.org/content/repositories/releases/net/minidev/json-smart/maven-metadata.xml
18:28:43.977 [Thread-7] DEBUG spoon.Launcher - [INFO] Downloading from sonatype: https://oss.sonatype.org/content/repositories/releases/net/minidev/json-smart/maven-metadata.xml
18:28:44.929 [Thread-7] DEBUG spoon.Launcher - [INFO] Downloaded from sonatype: https://oss.sonatype.org/content/repositories/releases/net/minidev/json-smart/maven-metadata.xml (849 B at 884 B/s)
18:28:45.002 [Thread-7] DEBUG spoon.Launcher - [INFO] Downloading from sonatype: https://oss.sonatype.org/content/repositories/releases/com/nimbusds/lang-tag/maven-metadata.xml
18:28:45.015 [Thread-7] DEBUG spoon.Launcher - [INFO] Downloading from sonatype-apache: https://repository.apache.org/content/repositories/releases/com/nimbusds/lang-tag/maven-metadata.xml
18:28:45.017 [Thread-7] DEBUG spoon.Launcher - [INFO] Downloading from apache-snapshots: https://repository.apache.org/snapshots/com/nimbusds/lang-tag/maven-metadata.xml
18:28:45.140 [Thread-7] DEBUG spoon.Launcher - [INFO] Downloaded from sonatype: https://oss.sonatype.org/content/repositories/releases/com/nimbusds/lang-tag/maven-metadata.xml (563 B at 4.0 kB/s)
18:28:45.477 [Thread-7] DEBUG spoon.Launcher - [INFO] 
18:28:45.484 [Thread-7] DEBUG spoon.Launcher - [INFO] --- maven-dependency-plugin:2.8:build-classpath (default-cli) @ pac4j-config ---
18:28:46.038 [Thread-7] DEBUG spoon.Launcher - [INFO] Wrote classpath file '/home/travis/build/SpoonLabs/spoon-ci-external/spoon/src/test/resources/maven-launcher/pac4j/pac4j-config/spoon.classpath.tmp'.
18:28:46.041 [Thread-7] DEBUG spoon.Launcher - [INFO] ------------------------------------------------------------------------
18:28:46.041 [Thread-7] DEBUG spoon.Launcher - [INFO] BUILD SUCCESS
18:28:46.050 [Thread-7] DEBUG spoon.Launcher - [INFO] ------------------------------------------------------------------------
18:28:46.057 [Thread-7] DEBUG spoon.Launcher - [INFO] Total time:  3.874 s
18:28:46.059 [Thread-7] DEBUG spoon.Launcher - [INFO] Finished at: 2020-09-24T18:28:46Z
18:28:46.060 [Thread-7] DEBUG spoon.Launcher - [INFO] ------------------------------------------------------------------------
]]></system-out>
  </testcase>
  <testcase name="testSystemDependency" classname="spoon.MavenLauncherTest" time="0.194">
    <system-out><![CDATA[18:28:46.128 [main] INFO spoon.Launcher - Running in NOCLASSPATH mode (doc: http://spoon.gforge.inria.fr/launcher.html).
]]></system-out>
  </testcase>
  <testcase name="testRebuildClasspath" classname="spoon.MavenLauncherTest" time="3.196">
    <system-out><![CDATA[18:28:46.318 [main] INFO spoon.Launcher - Running in NOCLASSPATH mode (doc: http://spoon.gforge.inria.fr/launcher.html).
18:28:47.939 [Thread-10] DEBUG spoon.Launcher - [INFO] Scanning for projects...
18:28:47.999 [Thread-10] DEBUG spoon.Launcher - [WARNING] 
18:28:48.003 [Thread-10] DEBUG spoon.Launcher - [WARNING] Some problems were encountered while building the effective model for org.foo.bar:foobar:jar:1.0.0-SNAPSHOT
18:28:48.003 [Thread-10] DEBUG spoon.Launcher - [WARNING] 'dependencies.dependency.systemPath' for com.infradna.tool:bridge-method-annotation:jar should not point at files within the project directory, ${basedir}/lib/bridge-method-annotation-1.13.jar will be unresolvable by dependent projects @ line 18, column 25
18:28:48.003 [Thread-10] DEBUG spoon.Launcher - [WARNING] 
18:28:48.006 [Thread-10] DEBUG spoon.Launcher - [WARNING] It is highly recommended to fix these problems because they threaten the stability of your build.
18:28:48.006 [Thread-10] DEBUG spoon.Launcher - [WARNING] 
18:28:48.006 [Thread-10] DEBUG spoon.Launcher - [WARNING] For this reason, future Maven versions might no longer support building such malformed projects.
18:28:48.006 [Thread-10] DEBUG spoon.Launcher - [WARNING] 
18:28:48.333 [Thread-10] DEBUG spoon.Launcher - [INFO] 
18:28:48.334 [Thread-10] DEBUG spoon.Launcher - [INFO] -------------------------< org.foo.bar:foobar >-------------------------
18:28:48.338 [Thread-10] DEBUG spoon.Launcher - [INFO] Building foobar 1.0.0-SNAPSHOT
18:28:48.339 [Thread-10] DEBUG spoon.Launcher - [INFO] --------------------------------[ jar ]---------------------------------
18:28:48.370 [Thread-10] DEBUG spoon.Launcher - [INFO] 
18:28:48.371 [Thread-10] DEBUG spoon.Launcher - [INFO] --- maven-dependency-plugin:2.8:build-classpath (default-cli) @ foobar ---
18:28:49.439 [Thread-10] DEBUG spoon.Launcher - [INFO] Wrote classpath file '/home/travis/build/SpoonLabs/spoon-ci-external/spoon/src/test/resources/maven-launcher/system-dependency/spoon.classpath.tmp'.
18:28:49.441 [Thread-10] DEBUG spoon.Launcher - [INFO] ------------------------------------------------------------------------
18:28:49.441 [Thread-10] DEBUG spoon.Launcher - [INFO] BUILD SUCCESS
18:28:49.441 [Thread-10] DEBUG spoon.Launcher - [INFO] ------------------------------------------------------------------------
18:28:49.442 [Thread-10] DEBUG spoon.Launcher - [INFO] Total time:  1.529 s
18:28:49.442 [Thread-10] DEBUG spoon.Launcher - [INFO] Finished at: 2020-09-24T18:28:49Z
18:28:49.442 [Thread-10] DEBUG spoon.Launcher - [INFO] ------------------------------------------------------------------------
]]></system-out>
  </testcase>
  <testcase name="testTypeResolution" classname="spoon.MavenLauncherTest" time="0">
    <skipped/>
  </testcase>
  <testcase name="multiModulesProjectTest" classname="spoon.MavenLauncherTest" time="6.807">
    <system-out><![CDATA[18:28:49.517 [main] INFO spoon.Launcher - Running in NOCLASSPATH mode (doc: http://spoon.gforge.inria.fr/launcher.html).
18:28:51.102 [Thread-13] DEBUG spoon.Launcher - [INFO] Scanning for projects...
18:28:52.235 [Thread-13] DEBUG spoon.Launcher - [INFO] ------------------------------------------------------------------------
18:28:52.236 [Thread-13] DEBUG spoon.Launcher - [INFO] Reactor Build Order:
18:28:52.236 [Thread-13] DEBUG spoon.Launcher - [INFO] 
18:28:52.240 [Thread-13] DEBUG spoon.Launcher - [INFO] pac4j                                                              [pom]
18:28:52.241 [Thread-13] DEBUG spoon.Launcher - [INFO] pac4j core                                                         [jar]
18:28:52.243 [Thread-13] DEBUG spoon.Launcher - [INFO] pac4j for CAS protocol                                             [jar]
18:28:52.244 [Thread-13] DEBUG spoon.Launcher - [INFO] pac4j for SAML protocol                                            [jar]
18:28:52.245 [Thread-13] DEBUG spoon.Launcher - [INFO] pac4j for OAuth protocol                                           [jar]
18:28:52.246 [Thread-13] DEBUG spoon.Launcher - [INFO] pac4j for OpenID Connect protocol                                  [jar]
18:28:52.247 [Thread-13] DEBUG spoon.Launcher - [INFO] pac4j for LDAP                                                     [jar]
18:28:52.252 [Thread-13] DEBUG spoon.Launcher - [INFO] pac4j for HTTP protocol                                            [jar]
18:28:52.253 [Thread-13] DEBUG spoon.Launcher - [INFO] pac4j for relational DB                                            [jar]
18:28:52.254 [Thread-13] DEBUG spoon.Launcher - [INFO] pac4j configuration                                                [jar]
18:28:52.255 [Thread-13] DEBUG spoon.Launcher - [INFO] pac4j for OpenId protocol                                          [jar]
18:28:52.256 [Thread-13] DEBUG spoon.Launcher - [INFO] pac4j for GAE UserService mechanism                                [jar]
18:28:52.258 [Thread-13] DEBUG spoon.Launcher - [INFO] pac4j for JWT                                                      [jar]
18:28:52.259 [Thread-13] DEBUG spoon.Launcher - [INFO] pac4j for MongoDB                                                  [jar]
18:28:52.260 [Thread-13] DEBUG spoon.Launcher - [INFO] pac4j for CouchDB                                                  [jar]
18:28:52.261 [Thread-13] DEBUG spoon.Launcher - [INFO] pac4j for Kerberos                                                 [jar]
18:28:52.487 [Thread-13] DEBUG spoon.Launcher - [INFO] 
18:28:52.489 [Thread-13] DEBUG spoon.Launcher - [INFO] --------------------------< org.pac4j:pac4j >---------------------------
18:28:52.490 [Thread-13] DEBUG spoon.Launcher - [INFO] Building pac4j 3.0.0                                              [1/16]
18:28:52.491 [Thread-13] DEBUG spoon.Launcher - [INFO] --------------------------------[ pom ]---------------------------------
18:28:52.509 [Thread-13] DEBUG spoon.Launcher - [INFO] 
18:28:52.518 [Thread-13] DEBUG spoon.Launcher - [INFO] --- maven-dependency-plugin:2.8:build-classpath (default-cli) @ pac4j ---
18:28:53.107 [Thread-13] DEBUG spoon.Launcher - [INFO] No dependencies found.
18:28:53.108 [Thread-13] DEBUG spoon.Launcher - [INFO] Wrote classpath file '/home/travis/build/SpoonLabs/spoon-ci-external/spoon/src/test/resources/maven-launcher/pac4j/spoon.classpath.tmp'.
18:28:53.109 [Thread-13] DEBUG spoon.Launcher - [INFO] 
18:28:53.110 [Thread-13] DEBUG spoon.Launcher - [INFO] ------------------------< org.pac4j:pac4j-core >------------------------
18:28:53.110 [Thread-13] DEBUG spoon.Launcher - [INFO] Building pac4j core 3.0.0                                         [2/16]
18:28:53.110 [Thread-13] DEBUG spoon.Launcher - [INFO] --------------------------------[ jar ]---------------------------------
18:28:53.197 [Thread-13] DEBUG spoon.Launcher - [INFO] 
18:28:53.197 [Thread-13] DEBUG spoon.Launcher - [INFO] --- maven-dependency-plugin:2.8:build-classpath (default-cli) @ pac4j-core ---
18:28:53.823 [Thread-13] DEBUG spoon.Launcher - [INFO] Wrote classpath file '/home/travis/build/SpoonLabs/spoon-ci-external/spoon/src/test/resources/maven-launcher/pac4j/pac4j-core/spoon.classpath.tmp'.
18:28:53.825 [Thread-13] DEBUG spoon.Launcher - [INFO] 
18:28:53.826 [Thread-13] DEBUG spoon.Launcher - [INFO] ------------------------< org.pac4j:pac4j-cas >-------------------------
18:28:53.826 [Thread-13] DEBUG spoon.Launcher - [INFO] Building pac4j for CAS protocol 3.0.0                             [3/16]
18:28:53.826 [Thread-13] DEBUG spoon.Launcher - [INFO] --------------------------------[ jar ]---------------------------------
18:28:53.865 [Thread-13] DEBUG spoon.Launcher - [INFO] 
18:28:53.865 [Thread-13] DEBUG spoon.Launcher - [INFO] --- maven-dependency-plugin:2.8:build-classpath (default-cli) @ pac4j-cas ---
18:28:53.872 [Thread-13] DEBUG spoon.Launcher - [INFO] Wrote classpath file '/home/travis/build/SpoonLabs/spoon-ci-external/spoon/src/test/resources/maven-launcher/pac4j/pac4j-cas/spoon.classpath.tmp'.
18:28:53.872 [Thread-13] DEBUG spoon.Launcher - [INFO] 
18:28:53.872 [Thread-13] DEBUG spoon.Launcher - [INFO] ------------------------< org.pac4j:pac4j-saml >------------------------
18:28:53.872 [Thread-13] DEBUG spoon.Launcher - [INFO] Building pac4j for SAML protocol 3.0.0                            [4/16]
18:28:53.873 [Thread-13] DEBUG spoon.Launcher - [INFO] --------------------------------[ jar ]---------------------------------
18:28:54.053 [Thread-13] DEBUG spoon.Launcher - [INFO] 
18:28:54.053 [Thread-13] DEBUG spoon.Launcher - [INFO] --- maven-dependency-plugin:2.8:build-classpath (default-cli) @ pac4j-saml ---
18:28:54.057 [Thread-13] DEBUG spoon.Launcher - [INFO] Wrote classpath file '/home/travis/build/SpoonLabs/spoon-ci-external/spoon/src/test/resources/maven-launcher/pac4j/pac4j-saml/spoon.classpath.tmp'.
18:28:54.058 [Thread-13] DEBUG spoon.Launcher - [INFO] 
18:28:54.058 [Thread-13] DEBUG spoon.Launcher - [INFO] -----------------------< org.pac4j:pac4j-oauth >------------------------
18:28:54.058 [Thread-13] DEBUG spoon.Launcher - [INFO] Building pac4j for OAuth protocol 3.0.0                           [5/16]
18:28:54.058 [Thread-13] DEBUG spoon.Launcher - [INFO] --------------------------------[ jar ]---------------------------------
18:28:54.085 [Thread-13] DEBUG spoon.Launcher - [INFO] 
18:28:54.085 [Thread-13] DEBUG spoon.Launcher - [INFO] --- maven-dependency-plugin:2.8:build-classpath (default-cli) @ pac4j-oauth ---
18:28:54.101 [Thread-13] DEBUG spoon.Launcher - [INFO] Wrote classpath file '/home/travis/build/SpoonLabs/spoon-ci-external/spoon/src/test/resources/maven-launcher/pac4j/pac4j-oauth/spoon.classpath.tmp'.
18:28:54.101 [Thread-13] DEBUG spoon.Launcher - [INFO] 
18:28:54.101 [Thread-13] DEBUG spoon.Launcher - [INFO] ------------------------< org.pac4j:pac4j-oidc >------------------------
18:28:54.101 [Thread-13] DEBUG spoon.Launcher - [INFO] Building pac4j for OpenID Connect protocol 3.0.0                  [6/16]
18:28:54.101 [Thread-13] DEBUG spoon.Launcher - [INFO] --------------------------------[ jar ]---------------------------------
18:28:54.441 [Thread-13] DEBUG spoon.Launcher - [INFO] Downloading from sonatype-apache: https://repository.apache.org/content/repositories/releases/com/nimbusds/lang-tag/maven-metadata.xml
18:28:54.455 [Thread-13] DEBUG spoon.Launcher - [INFO] Downloading from sonatype: https://oss.sonatype.org/content/repositories/releases/com/nimbusds/lang-tag/maven-metadata.xml
18:28:54.455 [Thread-13] DEBUG spoon.Launcher - [INFO] Downloading from apache-snapshots: https://repository.apache.org/snapshots/com/nimbusds/lang-tag/maven-metadata.xml
18:28:55.327 [Thread-13] DEBUG spoon.Launcher - [INFO] Downloaded from sonatype: https://oss.sonatype.org/content/repositories/releases/com/nimbusds/lang-tag/maven-metadata.xml (563 B at 633 B/s)
18:28:55.345 [Thread-13] DEBUG spoon.Launcher - [INFO] Downloading from sonatype: https://oss.sonatype.org/content/repositories/releases/net/minidev/json-smart/maven-metadata.xml
18:28:55.363 [Thread-13] DEBUG spoon.Launcher - [INFO] Downloading from sonatype-apache: https://repository.apache.org/content/repositories/releases/net/minidev/json-smart/maven-metadata.xml
18:28:55.364 [Thread-13] DEBUG spoon.Launcher - [INFO] Downloading from apache-snapshots: https://repository.apache.org/snapshots/net/minidev/json-smart/maven-metadata.xml
18:28:55.487 [Thread-13] DEBUG spoon.Launcher - [INFO] Downloaded from sonatype: https://oss.sonatype.org/content/repositories/releases/net/minidev/json-smart/maven-metadata.xml (849 B at 6.2 kB/s)
18:28:55.747 [Thread-13] DEBUG spoon.Launcher - [INFO] 
18:28:55.749 [Thread-13] DEBUG spoon.Launcher - [INFO] --- maven-dependency-plugin:2.8:build-classpath (default-cli) @ pac4j-oidc ---
18:28:55.755 [Thread-13] DEBUG spoon.Launcher - [INFO] Wrote classpath file '/home/travis/build/SpoonLabs/spoon-ci-external/spoon/src/test/resources/maven-launcher/pac4j/pac4j-oidc/spoon.classpath.tmp'.
18:28:55.756 [Thread-13] DEBUG spoon.Launcher - [INFO] 
18:28:55.757 [Thread-13] DEBUG spoon.Launcher - [INFO] ------------------------< org.pac4j:pac4j-ldap >------------------------
18:28:55.759 [Thread-13] DEBUG spoon.Launcher - [INFO] Building pac4j for LDAP 3.0.0                                     [7/16]
18:28:55.762 [Thread-13] DEBUG spoon.Launcher - [INFO] --------------------------------[ jar ]---------------------------------
18:28:55.780 [Thread-13] DEBUG spoon.Launcher - [INFO] 
18:28:55.782 [Thread-13] DEBUG spoon.Launcher - [INFO] --- maven-dependency-plugin:2.8:build-classpath (default-cli) @ pac4j-ldap ---
18:28:55.792 [Thread-13] DEBUG spoon.Launcher - [INFO] Wrote classpath file '/home/travis/build/SpoonLabs/spoon-ci-external/spoon/src/test/resources/maven-launcher/pac4j/pac4j-ldap/spoon.classpath.tmp'.
18:28:55.793 [Thread-13] DEBUG spoon.Launcher - [INFO] 
18:28:55.794 [Thread-13] DEBUG spoon.Launcher - [INFO] ------------------------< org.pac4j:pac4j-http >------------------------
18:28:55.795 [Thread-13] DEBUG spoon.Launcher - [INFO] Building pac4j for HTTP protocol 3.0.0                            [8/16]
18:28:55.796 [Thread-13] DEBUG spoon.Launcher - [INFO] --------------------------------[ jar ]---------------------------------
18:28:55.808 [Thread-13] DEBUG spoon.Launcher - [INFO] 
18:28:55.810 [Thread-13] DEBUG spoon.Launcher - [INFO] --- maven-dependency-plugin:2.8:build-classpath (default-cli) @ pac4j-http ---
18:28:55.814 [Thread-13] DEBUG spoon.Launcher - [INFO] Wrote classpath file '/home/travis/build/SpoonLabs/spoon-ci-external/spoon/src/test/resources/maven-launcher/pac4j/pac4j-http/spoon.classpath.tmp'.
18:28:55.819 [Thread-13] DEBUG spoon.Launcher - [INFO] 
18:28:55.824 [Thread-13] DEBUG spoon.Launcher - [INFO] ------------------------< org.pac4j:pac4j-sql >-------------------------
18:28:55.825 [Thread-13] DEBUG spoon.Launcher - [INFO] Building pac4j for relational DB 3.0.0                            [9/16]
18:28:55.826 [Thread-13] DEBUG spoon.Launcher - [INFO] --------------------------------[ jar ]---------------------------------
18:28:55.842 [Thread-13] DEBUG spoon.Launcher - [INFO] 
18:28:55.843 [Thread-13] DEBUG spoon.Launcher - [INFO] --- maven-dependency-plugin:2.8:build-classpath (default-cli) @ pac4j-sql ---
18:28:55.849 [Thread-13] DEBUG spoon.Launcher - [INFO] Wrote classpath file '/home/travis/build/SpoonLabs/spoon-ci-external/spoon/src/test/resources/maven-launcher/pac4j/pac4j-sql/spoon.classpath.tmp'.
18:28:55.849 [Thread-13] DEBUG spoon.Launcher - [INFO] 
18:28:55.850 [Thread-13] DEBUG spoon.Launcher - [INFO] -----------------------< org.pac4j:pac4j-config >-----------------------
18:28:55.852 [Thread-13] DEBUG spoon.Launcher - [INFO] Building pac4j configuration 3.0.0                               [10/16]
18:28:55.853 [Thread-13] DEBUG spoon.Launcher - [INFO] --------------------------------[ jar ]---------------------------------
18:28:55.895 [Thread-13] DEBUG spoon.Launcher - [INFO] 
18:28:55.896 [Thread-13] DEBUG spoon.Launcher - [INFO] --- maven-dependency-plugin:2.8:build-classpath (default-cli) @ pac4j-config ---
18:28:55.904 [Thread-13] DEBUG spoon.Launcher - [INFO] Wrote classpath file '/home/travis/build/SpoonLabs/spoon-ci-external/spoon/src/test/resources/maven-launcher/pac4j/pac4j-config/spoon.classpath.tmp'.
18:28:55.904 [Thread-13] DEBUG spoon.Launcher - [INFO] 
18:28:55.906 [Thread-13] DEBUG spoon.Launcher - [INFO] -----------------------< org.pac4j:pac4j-openid >-----------------------
18:28:55.907 [Thread-13] DEBUG spoon.Launcher - [INFO] Building pac4j for OpenId protocol 3.0.0                         [11/16]
18:28:55.908 [Thread-13] DEBUG spoon.Launcher - [INFO] --------------------------------[ jar ]---------------------------------
18:28:55.931 [Thread-13] DEBUG spoon.Launcher - [WARNING] The artifact xml-apis:xml-apis:jar:2.0.2 has been relocated to xml-apis:xml-apis:jar:1.0.b2
18:28:55.934 [Thread-13] DEBUG spoon.Launcher - [INFO] 
18:28:55.935 [Thread-13] DEBUG spoon.Launcher - [INFO] --- maven-dependency-plugin:2.8:build-classpath (default-cli) @ pac4j-openid ---
18:28:55.941 [Thread-13] DEBUG spoon.Launcher - [INFO] Wrote classpath file '/home/travis/build/SpoonLabs/spoon-ci-external/spoon/src/test/resources/maven-launcher/pac4j/pac4j-openid/spoon.classpath.tmp'.
18:28:55.941 [Thread-13] DEBUG spoon.Launcher - [INFO] 
18:28:55.942 [Thread-13] DEBUG spoon.Launcher - [INFO] ------------------------< org.pac4j:pac4j-gae >-------------------------
18:28:55.943 [Thread-13] DEBUG spoon.Launcher - [INFO] Building pac4j for GAE UserService mechanism 3.0.0               [12/16]
18:28:55.944 [Thread-13] DEBUG spoon.Launcher - [INFO] --------------------------------[ jar ]---------------------------------
18:28:55.960 [Thread-13] DEBUG spoon.Launcher - [INFO] 
18:28:55.961 [Thread-13] DEBUG spoon.Launcher - [INFO] --- maven-dependency-plugin:2.8:build-classpath (default-cli) @ pac4j-gae ---
18:28:55.972 [Thread-13] DEBUG spoon.Launcher - [INFO] Wrote classpath file '/home/travis/build/SpoonLabs/spoon-ci-external/spoon/src/test/resources/maven-launcher/pac4j/pac4j-gae/spoon.classpath.tmp'.
18:28:55.973 [Thread-13] DEBUG spoon.Launcher - [INFO] 
18:28:55.973 [Thread-13] DEBUG spoon.Launcher - [INFO] ------------------------< org.pac4j:pac4j-jwt >-------------------------
18:28:55.974 [Thread-13] DEBUG spoon.Launcher - [INFO] Building pac4j for JWT 3.0.0                                     [13/16]
18:28:55.975 [Thread-13] DEBUG spoon.Launcher - [INFO] --------------------------------[ jar ]---------------------------------
18:28:55.986 [Thread-13] DEBUG spoon.Launcher - [INFO] 
18:28:55.987 [Thread-13] DEBUG spoon.Launcher - [INFO] --- maven-dependency-plugin:2.8:build-classpath (default-cli) @ pac4j-jwt ---
18:28:55.993 [Thread-13] DEBUG spoon.Launcher - [INFO] Wrote classpath file '/home/travis/build/SpoonLabs/spoon-ci-external/spoon/src/test/resources/maven-launcher/pac4j/pac4j-jwt/spoon.classpath.tmp'.
18:28:55.994 [Thread-13] DEBUG spoon.Launcher - [INFO] 
18:28:55.995 [Thread-13] DEBUG spoon.Launcher - [INFO] -----------------------< org.pac4j:pac4j-mongo >------------------------
18:28:55.996 [Thread-13] DEBUG spoon.Launcher - [INFO] Building pac4j for MongoDB 3.0.0                                 [14/16]
18:28:55.997 [Thread-13] DEBUG spoon.Launcher - [INFO] --------------------------------[ jar ]---------------------------------
18:28:56.040 [Thread-13] DEBUG spoon.Launcher - [INFO] 
18:28:56.041 [Thread-13] DEBUG spoon.Launcher - [INFO] --- maven-dependency-plugin:2.8:build-classpath (default-cli) @ pac4j-mongo ---
18:28:56.046 [Thread-13] DEBUG spoon.Launcher - [INFO] Wrote classpath file '/home/travis/build/SpoonLabs/spoon-ci-external/spoon/src/test/resources/maven-launcher/pac4j/pac4j-mongo/spoon.classpath.tmp'.
18:28:56.047 [Thread-13] DEBUG spoon.Launcher - [INFO] 
18:28:56.048 [Thread-13] DEBUG spoon.Launcher - [INFO] -----------------------< org.pac4j:pac4j-couch >------------------------
18:28:56.049 [Thread-13] DEBUG spoon.Launcher - [INFO] Building pac4j for CouchDB 3.0.0                                 [15/16]
18:28:56.049 [Thread-13] DEBUG spoon.Launcher - [INFO] --------------------------------[ jar ]---------------------------------
18:28:56.118 [Thread-13] DEBUG spoon.Launcher - [INFO] 
18:28:56.119 [Thread-13] DEBUG spoon.Launcher - [INFO] --- maven-dependency-plugin:2.8:build-classpath (default-cli) @ pac4j-couch ---
18:28:56.127 [Thread-13] DEBUG spoon.Launcher - [INFO] Wrote classpath file '/home/travis/build/SpoonLabs/spoon-ci-external/spoon/src/test/resources/maven-launcher/pac4j/pac4j-couch/spoon.classpath.tmp'.
18:28:56.127 [Thread-13] DEBUG spoon.Launcher - [INFO] 
18:28:56.128 [Thread-13] DEBUG spoon.Launcher - [INFO] ----------------------< org.pac4j:pac4j-kerberos >----------------------
18:28:56.129 [Thread-13] DEBUG spoon.Launcher - [INFO] Building pac4j for Kerberos 3.0.0                                [16/16]
18:28:56.130 [Thread-13] DEBUG spoon.Launcher - [INFO] --------------------------------[ jar ]---------------------------------
18:28:56.247 [Thread-13] DEBUG spoon.Launcher - [INFO] 
18:28:56.248 [Thread-13] DEBUG spoon.Launcher - [INFO] --- maven-dependency-plugin:2.8:build-classpath (default-cli) @ pac4j-kerberos ---
18:28:56.256 [Thread-13] DEBUG spoon.Launcher - [INFO] Wrote classpath file '/home/travis/build/SpoonLabs/spoon-ci-external/spoon/src/test/resources/maven-launcher/pac4j/pac4j-kerberos/spoon.classpath.tmp'.
18:28:56.258 [Thread-13] DEBUG spoon.Launcher - [INFO] ------------------------------------------------------------------------
18:28:56.258 [Thread-13] DEBUG spoon.Launcher - [INFO] Reactor Summary for pac4j 3.0.0:
18:28:56.258 [Thread-13] DEBUG spoon.Launcher - [INFO] 
18:28:56.259 [Thread-13] DEBUG spoon.Launcher - [INFO] pac4j .............................................. SUCCESS [  0.623 s]
18:28:56.260 [Thread-13] DEBUG spoon.Launcher - [INFO] pac4j core ......................................... SUCCESS [  0.716 s]
18:28:56.262 [Thread-13] DEBUG spoon.Launcher - [INFO] pac4j for CAS protocol ............................. SUCCESS [  0.047 s]
18:28:56.264 [Thread-13] DEBUG spoon.Launcher - [INFO] pac4j for SAML protocol ............................ SUCCESS [  0.185 s]
18:28:56.265 [Thread-13] DEBUG spoon.Launcher - [INFO] pac4j for OAuth protocol ........................... SUCCESS [  0.044 s]
18:28:56.269 [Thread-13] DEBUG spoon.Launcher - [INFO] pac4j for OpenID Connect protocol .................. SUCCESS [  1.654 s]
18:28:56.270 [Thread-13] DEBUG spoon.Launcher - [INFO] pac4j for LDAP ..................................... SUCCESS [  0.037 s]
18:28:56.272 [Thread-13] DEBUG spoon.Launcher - [INFO] pac4j for HTTP protocol ............................ SUCCESS [  0.025 s]
18:28:56.272 [Thread-13] DEBUG spoon.Launcher - [INFO] pac4j for relational DB ............................ SUCCESS [  0.031 s]
18:28:56.274 [Thread-13] DEBUG spoon.Launcher - [INFO] pac4j configuration ................................ SUCCESS [  0.055 s]
18:28:56.275 [Thread-13] DEBUG spoon.Launcher - [INFO] pac4j for OpenId protocol .......................... SUCCESS [  0.037 s]
18:28:56.276 [Thread-13] DEBUG spoon.Launcher - [INFO] pac4j for GAE UserService mechanism ................ SUCCESS [  0.031 s]
18:28:56.278 [Thread-13] DEBUG spoon.Launcher - [INFO] pac4j for JWT ...................................... SUCCESS [  0.022 s]
18:28:56.279 [Thread-13] DEBUG spoon.Launcher - [INFO] pac4j for MongoDB .................................. SUCCESS [  0.053 s]
18:28:56.280 [Thread-13] DEBUG spoon.Launcher - [INFO] pac4j for CouchDB .................................. SUCCESS [  0.080 s]
18:28:56.282 [Thread-13] DEBUG spoon.Launcher - [INFO] pac4j for Kerberos ................................. SUCCESS [  0.130 s]
18:28:56.284 [Thread-13] DEBUG spoon.Launcher - [INFO] ------------------------------------------------------------------------
18:28:56.285 [Thread-13] DEBUG spoon.Launcher - [INFO] BUILD SUCCESS
18:28:56.285 [Thread-13] DEBUG spoon.Launcher - [INFO] ------------------------------------------------------------------------
18:28:56.285 [Thread-13] DEBUG spoon.Launcher - [INFO] Total time:  5.210 s
18:28:56.285 [Thread-13] DEBUG spoon.Launcher - [INFO] Finished at: 2020-09-24T18:28:56Z
18:28:56.285 [Thread-13] DEBUG spoon.Launcher - [INFO] ------------------------------------------------------------------------
]]></system-out>
  </testcase>
  <testcase name="mavenLauncherOnANotExistingFileTest" classname="spoon.MavenLauncherTest" time="0.038">
    <system-out><![CDATA[18:28:56.361 [main] INFO spoon.Launcher - Running in NOCLASSPATH mode (doc: http://spoon.gforge.inria.fr/launcher.html).
]]></system-out>
  </testcase>
  <testcase name="spoonMavenLauncherTest" classname="spoon.MavenLauncherTest" time="14.157">
    <system-out><![CDATA[18:28:56.363 [main] INFO spoon.Launcher - Running in NOCLASSPATH mode (doc: http://spoon.gforge.inria.fr/launcher.html).
18:28:58.301 [Thread-16] DEBUG spoon.Launcher - [INFO] Scanning for projects...
18:28:59.619 [Thread-16] DEBUG spoon.Launcher - [INFO] Inspecting build with total of 1 modules...
18:28:59.620 [Thread-16] DEBUG spoon.Launcher - [INFO] Installing Nexus Staging features:
18:28:59.630 [Thread-16] DEBUG spoon.Launcher - [INFO]   ... total of 1 executions of maven-deploy-plugin replaced with nexus-staging-maven-plugin
18:28:59.714 [Thread-16] DEBUG spoon.Launcher - [INFO] 
18:28:59.715 [Thread-16] DEBUG spoon.Launcher - [INFO] ------------------< fr.inria.gforge.spoon:spoon-core >------------------
18:28:59.717 [Thread-16] DEBUG spoon.Launcher - [INFO] Building Spoon Core 8.3.0-SNAPSHOT
18:28:59.718 [Thread-16] DEBUG spoon.Launcher - [INFO] --------------------------------[ jar ]---------------------------------
18:29:00.161 [Thread-16] DEBUG spoon.Launcher - [INFO] Downloading from sonatype-apache: https://repository.apache.org/content/repositories/releases/junit/junit-dep/maven-metadata.xml
18:29:00.162 [Thread-16] DEBUG spoon.Launcher - [INFO] Downloading from apache-snapshots: https://repository.apache.org/snapshots/junit/junit-dep/maven-metadata.xml
18:29:00.322 [Thread-16] DEBUG spoon.Launcher - [INFO] Downloading from sonatype: https://oss.sonatype.org/content/repositories/releases/junit/junit-dep/maven-metadata.xml
18:29:00.324 [Thread-16] DEBUG spoon.Launcher - [INFO] Downloading from maven.inria.fr-snapshot: https://maven.irisa.fr/artifactory/spoon-public-snapshot/junit/junit-dep/maven-metadata.xml
18:29:01.078 [Thread-16] DEBUG spoon.Launcher - [INFO] Downloaded from sonatype: https://oss.sonatype.org/content/repositories/releases/junit/junit-dep/maven-metadata.xml (563 B at 608 B/s)
18:29:01.081 [Thread-16] DEBUG spoon.Launcher - [WARNING] Could not transfer metadata junit:junit-dep/maven-metadata.xml from/to maven.inria.fr-snapshot (https://maven.irisa.fr/artifactory/spoon-public-snapshot): Transfer failed for https://maven.irisa.fr/artifactory/spoon-public-snapshot/junit/junit-dep/maven-metadata.xml
18:29:01.104 [Thread-16] DEBUG spoon.Launcher - [INFO] 
18:29:01.105 [Thread-16] DEBUG spoon.Launcher - [INFO] --- maven-dependency-plugin:3.1.2:build-classpath (default-cli) @ spoon-core ---
18:29:01.924 [Thread-16] DEBUG spoon.Launcher - [INFO] Wrote classpath file '/home/travis/build/SpoonLabs/spoon-ci-external/spoon/spoon.classpath-app.tmp'.
18:29:01.926 [Thread-16] DEBUG spoon.Launcher - [INFO] ------------------------------------------------------------------------
18:29:01.926 [Thread-16] DEBUG spoon.Launcher - [INFO] BUILD SUCCESS
18:29:01.926 [Thread-16] DEBUG spoon.Launcher - [INFO] ------------------------------------------------------------------------
18:29:01.928 [Thread-16] DEBUG spoon.Launcher - [INFO] Total time:  3.653 s
18:29:01.930 [Thread-16] DEBUG spoon.Launcher - [INFO] Finished at: 2020-09-24T18:29:01Z
18:29:01.931 [Thread-16] DEBUG spoon.Launcher - [INFO] ------------------------------------------------------------------------
18:29:02.023 [main] INFO spoon.Launcher - Running in NOCLASSPATH mode (doc: http://spoon.gforge.inria.fr/launcher.html).
18:29:03.620 [Thread-19] DEBUG spoon.Launcher - [INFO] Scanning for projects...
18:29:04.735 [Thread-19] DEBUG spoon.Launcher - [INFO] Inspecting build with total of 1 modules...
18:29:04.737 [Thread-19] DEBUG spoon.Launcher - [INFO] Installing Nexus Staging features:
18:29:04.738 [Thread-19] DEBUG spoon.Launcher - [INFO]   ... total of 1 executions of maven-deploy-plugin replaced with nexus-staging-maven-plugin
18:29:04.866 [Thread-19] DEBUG spoon.Launcher - [INFO] 
18:29:04.872 [Thread-19] DEBUG spoon.Launcher - [INFO] ------------------< fr.inria.gforge.spoon:spoon-core >------------------
18:29:04.874 [Thread-19] DEBUG spoon.Launcher - [INFO] Building Spoon Core 8.3.0-SNAPSHOT
18:29:04.875 [Thread-19] DEBUG spoon.Launcher - [INFO] --------------------------------[ jar ]---------------------------------
18:29:05.373 [Thread-19] DEBUG spoon.Launcher - [INFO] Downloading from sonatype-apache: https://repository.apache.org/content/repositories/releases/junit/junit-dep/maven-metadata.xml
18:29:05.373 [Thread-19] DEBUG spoon.Launcher - [INFO] Downloading from apache-snapshots: https://repository.apache.org/snapshots/junit/junit-dep/maven-metadata.xml
18:29:05.374 [Thread-19] DEBUG spoon.Launcher - [INFO] Downloading from sonatype: https://oss.sonatype.org/content/repositories/releases/junit/junit-dep/maven-metadata.xml
18:29:05.376 [Thread-19] DEBUG spoon.Launcher - [INFO] Downloading from maven.inria.fr-snapshot: https://maven.irisa.fr/artifactory/spoon-public-snapshot/junit/junit-dep/maven-metadata.xml
18:29:06.283 [Thread-19] DEBUG spoon.Launcher - [INFO] Downloaded from sonatype: https://oss.sonatype.org/content/repositories/releases/junit/junit-dep/maven-metadata.xml (563 B at 610 B/s)
18:29:06.285 [Thread-19] DEBUG spoon.Launcher - [WARNING] Could not transfer metadata junit:junit-dep/maven-metadata.xml from/to maven.inria.fr-snapshot (https://maven.irisa.fr/artifactory/spoon-public-snapshot): Transfer failed for https://maven.irisa.fr/artifactory/spoon-public-snapshot/junit/junit-dep/maven-metadata.xml
18:29:06.326 [Thread-19] DEBUG spoon.Launcher - [INFO] 
18:29:06.327 [Thread-19] DEBUG spoon.Launcher - [INFO] --- maven-dependency-plugin:3.1.2:build-classpath (default-cli) @ spoon-core ---
18:29:07.245 [Thread-19] DEBUG spoon.Launcher - [INFO] Wrote classpath file '/home/travis/build/SpoonLabs/spoon-ci-external/spoon/spoon.classpath.tmp'.
18:29:07.247 [Thread-19] DEBUG spoon.Launcher - [INFO] ------------------------------------------------------------------------
18:29:07.247 [Thread-19] DEBUG spoon.Launcher - [INFO] BUILD SUCCESS
18:29:07.247 [Thread-19] DEBUG spoon.Launcher - [INFO] ------------------------------------------------------------------------
18:29:07.249 [Thread-19] DEBUG spoon.Launcher - [INFO] Total time:  3.656 s
18:29:07.249 [Thread-19] DEBUG spoon.Launcher - [INFO] Finished at: 2020-09-24T18:29:07Z
18:29:07.250 [Thread-19] DEBUG spoon.Launcher - [INFO] ------------------------------------------------------------------------
18:29:07.400 [main] INFO spoon.Launcher - Running in NOCLASSPATH mode (doc: http://spoon.gforge.inria.fr/launcher.html).
18:29:07.582 [main] INFO spoon.Launcher - Running in NOCLASSPATH mode (doc: http://spoon.gforge.inria.fr/launcher.html).
18:29:09.157 [Thread-22] DEBUG spoon.Launcher - [INFO] Scanning for projects...
18:29:09.528 [Thread-22] DEBUG spoon.Launcher - [INFO] 
18:29:09.534 [Thread-22] DEBUG spoon.Launcher - [INFO] -------------------------< org.foo.bar:foobar >-------------------------
18:29:09.534 [Thread-22] DEBUG spoon.Launcher - [INFO] Building foobar 1.0.0-SNAPSHOT
18:29:09.534 [Thread-22] DEBUG spoon.Launcher - [INFO] --------------------------------[ jar ]---------------------------------
18:29:09.552 [Thread-22] DEBUG spoon.Launcher - [INFO] 
18:29:09.558 [Thread-22] DEBUG spoon.Launcher - [INFO] --- maven-dependency-plugin:2.8:build-classpath (default-cli) @ foobar ---
18:29:10.460 [Thread-22] DEBUG spoon.Launcher - [INFO] No dependencies found.
18:29:10.467 [Thread-22] DEBUG spoon.Launcher - [INFO] Wrote classpath file '/home/travis/build/SpoonLabs/spoon-ci-external/spoon/src/test/resources/maven-launcher/java-11/spoon.classpath-app.tmp'.
18:29:10.469 [Thread-22] DEBUG spoon.Launcher - [INFO] ------------------------------------------------------------------------
18:29:10.470 [Thread-22] DEBUG spoon.Launcher - [INFO] BUILD SUCCESS
18:29:10.470 [Thread-22] DEBUG spoon.Launcher - [INFO] ------------------------------------------------------------------------
18:29:10.471 [Thread-22] DEBUG spoon.Launcher - [INFO] Total time:  1.336 s
18:29:10.472 [Thread-22] DEBUG spoon.Launcher - [INFO] Finished at: 2020-09-24T18:29:10Z
18:29:10.472 [Thread-22] DEBUG spoon.Launcher - [INFO] ------------------------------------------------------------------------
18:29:10.490 [main] INFO spoon.Launcher - Running in NOCLASSPATH mode (doc: http://spoon.gforge.inria.fr/launcher.html).
]]></system-out>
  </testcase>
  <testcase name="mavenLauncherTestWithVerySimpleProject" classname="spoon.MavenLauncherTest" time="2.813">
    <system-out><![CDATA[18:29:10.543 [main] INFO spoon.Launcher - Running in NOCLASSPATH mode (doc: http://spoon.gforge.inria.fr/launcher.html).
18:29:12.085 [Thread-25] DEBUG spoon.Launcher - [INFO] Scanning for projects...
18:29:12.482 [Thread-25] DEBUG spoon.Launcher - [INFO] 
18:29:12.484 [Thread-25] DEBUG spoon.Launcher - [INFO] -------------------------< org.foo.bar:foobar >-------------------------
18:29:12.487 [Thread-25] DEBUG spoon.Launcher - [INFO] Building foobar 1.0.0-SNAPSHOT
18:29:12.488 [Thread-25] DEBUG spoon.Launcher - [INFO] --------------------------------[ jar ]---------------------------------
18:29:12.509 [Thread-25] DEBUG spoon.Launcher - [INFO] 
18:29:12.516 [Thread-25] DEBUG spoon.Launcher - [INFO] --- maven-dependency-plugin:2.8:build-classpath (default-cli) @ foobar ---
18:29:13.332 [Thread-25] DEBUG spoon.Launcher - [INFO] No dependencies found.
18:29:13.337 [Thread-25] DEBUG spoon.Launcher - [INFO] Wrote classpath file '/home/travis/build/SpoonLabs/spoon-ci-external/spoon/src/test/resources/maven-launcher/very-simple/spoon.classpath.tmp'.
18:29:13.337 [Thread-25] DEBUG spoon.Launcher - [INFO] ------------------------------------------------------------------------
18:29:13.337 [Thread-25] DEBUG spoon.Launcher - [INFO] BUILD SUCCESS
18:29:13.337 [Thread-25] DEBUG spoon.Launcher - [INFO] ------------------------------------------------------------------------
18:29:13.337 [Thread-25] DEBUG spoon.Launcher - [INFO] Total time:  1.276 s
18:29:13.337 [Thread-25] DEBUG spoon.Launcher - [INFO] Finished at: 2020-09-24T18:29:13Z
18:29:13.337 [Thread-25] DEBUG spoon.Launcher - [INFO] ------------------------------------------------------------------------
]]></system-out>
  </testcase>
  <testcase name="testGuessMavenHome" classname="spoon.MavenLauncherTest" time="0.16"/>
  <testcase name="testPomSourceDirectory" classname="spoon.MavenLauncherTest" time="2.979">
    <system-out><![CDATA[18:29:13.516 [main] INFO spoon.Launcher - Running in NOCLASSPATH mode (doc: http://spoon.gforge.inria.fr/launcher.html).
18:29:15.094 [Thread-28] DEBUG spoon.Launcher - [INFO] Scanning for projects...
18:29:15.514 [Thread-28] DEBUG spoon.Launcher - [INFO] 
18:29:15.515 [Thread-28] DEBUG spoon.Launcher - [INFO] -------------------------< org.foo.bar:foobar >-------------------------
18:29:15.519 [Thread-28] DEBUG spoon.Launcher - [INFO] Building foobar 1.0.0-SNAPSHOT
18:29:15.520 [Thread-28] DEBUG spoon.Launcher - [INFO] --------------------------------[ jar ]---------------------------------
18:29:15.538 [Thread-28] DEBUG spoon.Launcher - [INFO] 
18:29:15.539 [Thread-28] DEBUG spoon.Launcher - [INFO] --- maven-dependency-plugin:2.8:build-classpath (default-cli) @ foobar ---
18:29:16.472 [Thread-28] DEBUG spoon.Launcher - [INFO] No dependencies found.
18:29:16.478 [Thread-28] DEBUG spoon.Launcher - [INFO] Wrote classpath file '/home/travis/build/SpoonLabs/spoon-ci-external/spoon/src/test/resources/maven-launcher/source-directory/spoon.classpath.tmp'.
18:29:16.478 [Thread-28] DEBUG spoon.Launcher - [INFO] ------------------------------------------------------------------------
18:29:16.478 [Thread-28] DEBUG spoon.Launcher - [INFO] BUILD SUCCESS
18:29:16.478 [Thread-28] DEBUG spoon.Launcher - [INFO] ------------------------------------------------------------------------
18:29:16.478 [Thread-28] DEBUG spoon.Launcher - [INFO] Total time:  1.411 s
18:29:16.478 [Thread-28] DEBUG spoon.Launcher - [INFO] Finished at: 2020-09-24T18:29:16Z
18:29:16.478 [Thread-28] DEBUG spoon.Launcher - [INFO] ------------------------------------------------------------------------
]]></system-out>
  </testcase>
  <testcase name="mavenLauncherOnDirectoryWithoutPomTest" classname="spoon.MavenLauncherTest" time="0.017">
    <system-out><![CDATA[18:29:16.495 [main] INFO spoon.Launcher - Running in NOCLASSPATH mode (doc: http://spoon.gforge.inria.fr/launcher.html).
]]></system-out>
  </testcase>
</testsuite>