<?xml version="1.0" encoding="UTF-8"?>
<testsuite xmlns:xsi="http://www.w3.org/2001/XMLSchema-instance" xsi:noNamespaceSchemaLocation="https://maven.apache.org/surefire/maven-surefire-plugin/xsd/surefire-test-report.xsd" name="spoon.test.intercession.OneCanCallSetterWithNullParameterizedTest" time="0.338" tests="126" errors="0" skipped="0" failures="0">
  <properties>
[...]
</properties>
  <testcase name="testContract[public abstract spoon.reflect.code.CtAbstractInvocation spoon.reflect.code.CtAbstractInvocation.addArgument(spoon.reflect.code.CtExpression)]" classname="spoon.test.intercession.OneCanCallSetterWithNullParameterizedTest" time="0"/>
  <testcase name="testContract[public abstract spoon.reflect.code.CtAbstractInvocation spoon.reflect.code.CtAbstractInvocation.setExecutable(spoon.reflect.reference.CtExecutableReference)]" classname="spoon.test.intercession.OneCanCallSetterWithNullParameterizedTest" time="0"/>
  <testcase name="testContract[public abstract spoon.reflect.code.CtArrayAccess spoon.reflect.code.CtArrayAccess.setIndexExpression(spoon.reflect.code.CtExpression)]" classname="spoon.test.intercession.OneCanCallSetterWithNullParameterizedTest" time="0"/>
  <testcase name="testContract[public abstract spoon.reflect.code.CtAssert spoon.reflect.code.CtAssert.setAssertExpression(spoon.reflect.code.CtExpression)]" classname="spoon.test.intercession.OneCanCallSetterWithNullParameterizedTest" time="0"/>
  <testcase name="testContract[public abstract spoon.reflect.code.CtAssert spoon.reflect.code.CtAssert.setExpression(spoon.reflect.code.CtExpression)]" classname="spoon.test.intercession.OneCanCallSetterWithNullParameterizedTest" time="0"/>
  <testcase name="testContract[public abstract spoon.reflect.code.CtAssignment spoon.reflect.code.CtAssignment.setAssigned(spoon.reflect.code.CtExpression)]" classname="spoon.test.intercession.OneCanCallSetterWithNullParameterizedTest" time="0"/>
  <testcase name="testContract[public abstract spoon.reflect.code.CtBinaryOperator spoon.reflect.code.CtBinaryOperator.setLeftHandOperand(spoon.reflect.code.CtExpression)]" classname="spoon.test.intercession.OneCanCallSetterWithNullParameterizedTest" time="0.001"/>
  <testcase name="testContract[public abstract spoon.reflect.code.CtBinaryOperator spoon.reflect.code.CtBinaryOperator.setRightHandOperand(spoon.reflect.code.CtExpression)]" classname="spoon.test.intercession.OneCanCallSetterWithNullParameterizedTest" time="0"/>
  <testcase name="testContract[public abstract spoon.reflect.code.CtBodyHolder spoon.reflect.code.CtBodyHolder.setBody(spoon.reflect.code.CtStatement)]" classname="spoon.test.intercession.OneCanCallSetterWithNullParameterizedTest" time="0"/>
  <testcase name="testContract[public abstract spoon.reflect.code.CtCase spoon.reflect.code.CtCase.setCaseExpression(spoon.reflect.code.CtExpression)]" classname="spoon.test.intercession.OneCanCallSetterWithNullParameterizedTest" time="0"/>
  <testcase name="testContract[public abstract spoon.reflect.code.CtCatch spoon.reflect.code.CtCatch.setParameter(spoon.reflect.code.CtCatchVariable)]" classname="spoon.test.intercession.OneCanCallSetterWithNullParameterizedTest" time="0"/>
  <testcase name="testContract[public abstract spoon.reflect.declaration.CtVariable spoon.reflect.code.CtCatchVariable.setDefaultExpression(spoon.reflect.code.CtExpression)]" classname="spoon.test.intercession.OneCanCallSetterWithNullParameterizedTest" time="0"/>
  <testcase name="testContract[public abstract spoon.reflect.declaration.CtTypedElement spoon.reflect.code.CtCatchVariable.setType(spoon.reflect.reference.CtTypeReference)]" classname="spoon.test.intercession.OneCanCallSetterWithNullParameterizedTest" time="0"/>
  <testcase name="testContract[public abstract spoon.reflect.code.CtConditional spoon.reflect.code.CtConditional.setElseExpression(spoon.reflect.code.CtExpression)]" classname="spoon.test.intercession.OneCanCallSetterWithNullParameterizedTest" time="0"/>
  <testcase name="testContract[public abstract spoon.reflect.code.CtConditional spoon.reflect.code.CtConditional.setThenExpression(spoon.reflect.code.CtExpression)]" classname="spoon.test.intercession.OneCanCallSetterWithNullParameterizedTest" time="0"/>
  <testcase name="testContract[public abstract spoon.reflect.code.CtConditional spoon.reflect.code.CtConditional.setCondition(spoon.reflect.code.CtExpression)]" classname="spoon.test.intercession.OneCanCallSetterWithNullParameterizedTest" time="0.001"/>
  <testcase name="testContract[public abstract spoon.reflect.reference.CtActualTypeContainer spoon.reflect.code.CtConstructorCall.addActualTypeArgument(spoon.reflect.reference.CtTypeReference)]" classname="spoon.test.intercession.OneCanCallSetterWithNullParameterizedTest" time="0"/>
  <testcase name="testContract[public abstract spoon.reflect.code.CtDo spoon.reflect.code.CtDo.setLoopingExpression(spoon.reflect.code.CtExpression)]" classname="spoon.test.intercession.OneCanCallSetterWithNullParameterizedTest" time="0"/>
  <testcase name="testContract[public abstract spoon.reflect.code.CtExecutableReferenceExpression spoon.reflect.code.CtExecutableReferenceExpression.setExecutable(spoon.reflect.reference.CtExecutableReference)]" classname="spoon.test.intercession.OneCanCallSetterWithNullParameterizedTest" time="0"/>
  <testcase name="testContract[public abstract spoon.reflect.code.CtExpression spoon.reflect.code.CtExpression.addTypeCast(spoon.reflect.reference.CtTypeReference)]" classname="spoon.test.intercession.OneCanCallSetterWithNullParameterizedTest" time="0"/>
  <testcase name="testContract[public abstract spoon.reflect.code.CtFor spoon.reflect.code.CtFor.setExpression(spoon.reflect.code.CtExpression)]" classname="spoon.test.intercession.OneCanCallSetterWithNullParameterizedTest" time="0.001"/>
  <testcase name="testContract[public abstract spoon.reflect.code.CtFor spoon.reflect.code.CtFor.addForInit(spoon.reflect.code.CtStatement)]" classname="spoon.test.intercession.OneCanCallSetterWithNullParameterizedTest" time="0"/>
  <testcase name="testContract[public abstract spoon.reflect.code.CtFor spoon.reflect.code.CtFor.addForUpdate(spoon.reflect.code.CtStatement)]" classname="spoon.test.intercession.OneCanCallSetterWithNullParameterizedTest" time="0"/>
  <testcase name="testContract[public abstract spoon.reflect.code.CtForEach spoon.reflect.code.CtForEach.setExpression(spoon.reflect.code.CtExpression)]" classname="spoon.test.intercession.OneCanCallSetterWithNullParameterizedTest" time="0"/>
  <testcase name="testContract[public abstract spoon.reflect.code.CtForEach spoon.reflect.code.CtForEach.setVariable(spoon.reflect.code.CtLocalVariable)]" classname="spoon.test.intercession.OneCanCallSetterWithNullParameterizedTest" time="0"/>
  <testcase name="testContract[public abstract spoon.reflect.code.CtIf spoon.reflect.code.CtIf.setCondition(spoon.reflect.code.CtExpression)]" classname="spoon.test.intercession.OneCanCallSetterWithNullParameterizedTest" time="0"/>
  <testcase name="testContract[public abstract spoon.reflect.code.CtIf spoon.reflect.code.CtIf.setElseStatement(spoon.reflect.code.CtStatement)]" classname="spoon.test.intercession.OneCanCallSetterWithNullParameterizedTest" time="0"/>
  <testcase name="testContract[public abstract spoon.reflect.code.CtIf spoon.reflect.code.CtIf.setThenStatement(spoon.reflect.code.CtStatement)]" classname="spoon.test.intercession.OneCanCallSetterWithNullParameterizedTest" time="0"/>
  <testcase name="testContract[public abstract spoon.reflect.reference.CtActualTypeContainer spoon.reflect.code.CtInvocation.addActualTypeArgument(spoon.reflect.reference.CtTypeReference)]" classname="spoon.test.intercession.OneCanCallSetterWithNullParameterizedTest" time="0.001"/>
  <testcase name="testContract[public abstract spoon.reflect.code.CtJavaDoc spoon.reflect.code.CtJavaDoc.addTag(spoon.reflect.code.CtJavaDocTag)]" classname="spoon.test.intercession.OneCanCallSetterWithNullParameterizedTest" time="0"/>
  <testcase name="testContract[public abstract spoon.reflect.code.CtLambda spoon.reflect.code.CtLambda.setExpression(spoon.reflect.code.CtExpression)]" classname="spoon.test.intercession.OneCanCallSetterWithNullParameterizedTest" time="0"/>
  <testcase name="testContract[public abstract spoon.reflect.code.CtRHSReceiver spoon.reflect.code.CtLocalVariable.setAssignment(spoon.reflect.code.CtExpression)]" classname="spoon.test.intercession.OneCanCallSetterWithNullParameterizedTest" time="0"/>
  <testcase name="testContract[public abstract spoon.reflect.code.CtNewArray spoon.reflect.code.CtNewArray.addDimensionExpression(spoon.reflect.code.CtExpression)]" classname="spoon.test.intercession.OneCanCallSetterWithNullParameterizedTest" time="0"/>
  <testcase name="testContract[public abstract spoon.reflect.code.CtNewArray spoon.reflect.code.CtNewArray.addElement(spoon.reflect.code.CtExpression)]" classname="spoon.test.intercession.OneCanCallSetterWithNullParameterizedTest" time="0"/>
  <testcase name="testContract[public abstract spoon.reflect.reference.CtActualTypeContainer spoon.reflect.code.CtNewClass.addActualTypeArgument(spoon.reflect.reference.CtTypeReference)]" classname="spoon.test.intercession.OneCanCallSetterWithNullParameterizedTest" time="0"/>
  <testcase name="testContract[public abstract spoon.reflect.code.CtNewClass spoon.reflect.code.CtNewClass.setAnonymousClass(spoon.reflect.declaration.CtClass)]" classname="spoon.test.intercession.OneCanCallSetterWithNullParameterizedTest" time="0"/>
  <testcase name="testContract[public abstract spoon.reflect.code.CtRHSReceiver spoon.reflect.code.CtRHSReceiver.setAssignment(spoon.reflect.code.CtExpression)]" classname="spoon.test.intercession.OneCanCallSetterWithNullParameterizedTest" time="0"/>
  <testcase name="testContract[public abstract spoon.reflect.code.CtReturn spoon.reflect.code.CtReturn.setReturnedExpression(spoon.reflect.code.CtExpression)]" classname="spoon.test.intercession.OneCanCallSetterWithNullParameterizedTest" time="0"/>
  <testcase name="testContract[public abstract spoon.reflect.code.CtStatementList spoon.reflect.code.CtStatementList.addStatement(spoon.reflect.code.CtStatement)]" classname="spoon.test.intercession.OneCanCallSetterWithNullParameterizedTest" time="0"/>
  <testcase name="testContract[public abstract spoon.reflect.code.CtSwitch spoon.reflect.code.CtSwitch.setSelector(spoon.reflect.code.CtExpression)]" classname="spoon.test.intercession.OneCanCallSetterWithNullParameterizedTest" time="0"/>
  <testcase name="testContract[public abstract spoon.reflect.code.CtSwitch spoon.reflect.code.CtSwitch.addCase(spoon.reflect.code.CtCase)]" classname="spoon.test.intercession.OneCanCallSetterWithNullParameterizedTest" time="0"/>
  <testcase name="testContract[public abstract spoon.reflect.code.CtSynchronized spoon.reflect.code.CtSynchronized.setExpression(spoon.reflect.code.CtExpression)]" classname="spoon.test.intercession.OneCanCallSetterWithNullParameterizedTest" time="0.001"/>
  <testcase name="testContract[public abstract spoon.reflect.code.CtSynchronized spoon.reflect.code.CtSynchronized.setBlock(spoon.reflect.code.CtBlock)]" classname="spoon.test.intercession.OneCanCallSetterWithNullParameterizedTest" time="0"/>
  <testcase name="testContract[public abstract spoon.reflect.code.CtTargetedExpression spoon.reflect.code.CtTargetedExpression.setTarget(spoon.reflect.code.CtExpression)]" classname="spoon.test.intercession.OneCanCallSetterWithNullParameterizedTest" time="0"/>
  <testcase name="testContract[public abstract spoon.reflect.code.CtThrow spoon.reflect.code.CtThrow.setThrownExpression(spoon.reflect.code.CtExpression)]" classname="spoon.test.intercession.OneCanCallSetterWithNullParameterizedTest" time="0"/>
  <testcase name="testContract[public abstract spoon.reflect.code.CtTry spoon.reflect.code.CtTry.addCatcher(spoon.reflect.code.CtCatch)]" classname="spoon.test.intercession.OneCanCallSetterWithNullParameterizedTest" time="0"/>
  <testcase name="testContract[public abstract spoon.reflect.code.CtTry spoon.reflect.code.CtTry.setFinalizer(spoon.reflect.code.CtBlock)]" classname="spoon.test.intercession.OneCanCallSetterWithNullParameterizedTest" time="0"/>
  <testcase name="testContract[public abstract spoon.reflect.code.CtTryWithResource spoon.reflect.code.CtTryWithResource.addResource(spoon.reflect.code.CtLocalVariable)]" classname="spoon.test.intercession.OneCanCallSetterWithNullParameterizedTest" time="0.001"/>
  <testcase name="testContract[public abstract spoon.reflect.code.CtTypeAccess spoon.reflect.code.CtTypeAccess.setAccessedType(spoon.reflect.reference.CtTypeReference)]" classname="spoon.test.intercession.OneCanCallSetterWithNullParameterizedTest" time="0"/>
  <testcase name="testContract[public abstract spoon.reflect.declaration.CtTypedElement spoon.reflect.code.CtTypeAccess.setType(spoon.reflect.reference.CtTypeReference)]" classname="spoon.test.intercession.OneCanCallSetterWithNullParameterizedTest" time="0"/>
  <testcase name="testContract[public abstract spoon.reflect.code.CtUnaryOperator spoon.reflect.code.CtUnaryOperator.setOperand(spoon.reflect.code.CtExpression)]" classname="spoon.test.intercession.OneCanCallSetterWithNullParameterizedTest" time="0"/>
  <testcase name="testContract[public abstract spoon.reflect.code.CtVariableAccess spoon.reflect.code.CtVariableAccess.setVariable(spoon.reflect.reference.CtVariableReference)]" classname="spoon.test.intercession.OneCanCallSetterWithNullParameterizedTest" time="0"/>
  <testcase name="testContract[public abstract spoon.reflect.code.CtWhile spoon.reflect.code.CtWhile.setLoopingExpression(spoon.reflect.code.CtExpression)]" classname="spoon.test.intercession.OneCanCallSetterWithNullParameterizedTest" time="0"/>
  <testcase name="testContract[public abstract spoon.reflect.declaration.CtAnnotation spoon.reflect.declaration.CtAnnotation.setAnnotationType(spoon.reflect.reference.CtTypeReference)]" classname="spoon.test.intercession.OneCanCallSetterWithNullParameterizedTest" time="0.001"/>
  <testcase name="testContract[public abstract spoon.reflect.declaration.CtAnnotationMethod spoon.reflect.declaration.CtAnnotationMethod.setDefaultExpression(spoon.reflect.code.CtExpression)]" classname="spoon.test.intercession.OneCanCallSetterWithNullParameterizedTest" time="0"/>
  <testcase name="testContract[public abstract spoon.reflect.code.CtBodyHolder spoon.reflect.declaration.CtAnnotationMethod.setBody(spoon.reflect.code.CtStatement)]" classname="spoon.test.intercession.OneCanCallSetterWithNullParameterizedTest" time="0"/>
  <testcase name="testContract[public abstract spoon.reflect.declaration.CtType spoon.reflect.declaration.CtAnnotationType.addMethod(spoon.reflect.declaration.CtMethod)]" classname="spoon.test.intercession.OneCanCallSetterWithNullParameterizedTest" time="0"/>
  <testcase name="testContract[public abstract spoon.reflect.declaration.CtType spoon.reflect.declaration.CtAnnotationType.setSuperclass(spoon.reflect.reference.CtTypeReference)]" classname="spoon.test.intercession.OneCanCallSetterWithNullParameterizedTest" time="0"/>
  <testcase name="testContract[public abstract spoon.reflect.declaration.CtTypedElement spoon.reflect.declaration.CtAnonymousExecutable.setType(spoon.reflect.reference.CtTypeReference)]" classname="spoon.test.intercession.OneCanCallSetterWithNullParameterizedTest" time="0"/>
  <testcase name="testContract[public abstract spoon.reflect.declaration.CtExecutable spoon.reflect.declaration.CtAnonymousExecutable.addParameter(spoon.reflect.declaration.CtParameter)]" classname="spoon.test.intercession.OneCanCallSetterWithNullParameterizedTest" time="0"/>
  <testcase name="testContract[public abstract spoon.reflect.declaration.CtExecutable spoon.reflect.declaration.CtAnonymousExecutable.addThrownType(spoon.reflect.reference.CtTypeReference)]" classname="spoon.test.intercession.OneCanCallSetterWithNullParameterizedTest" time="0"/>
  <testcase name="testContract[public abstract spoon.reflect.declaration.CtClass spoon.reflect.declaration.CtClass.addAnonymousExecutable(spoon.reflect.declaration.CtAnonymousExecutable)]" classname="spoon.test.intercession.OneCanCallSetterWithNullParameterizedTest" time="0"/>
  <testcase name="testContract[public abstract spoon.reflect.declaration.CtClass spoon.reflect.declaration.CtClass.addConstructor(spoon.reflect.declaration.CtConstructor)]" classname="spoon.test.intercession.OneCanCallSetterWithNullParameterizedTest" time="0"/>
  <testcase name="testContract[public abstract spoon.reflect.declaration.CtCompilationUnit spoon.reflect.declaration.CtCompilationUnit.addDeclaredType(spoon.reflect.declaration.CtType)]" classname="spoon.test.intercession.OneCanCallSetterWithNullParameterizedTest" time="0"/>
  <testcase name="testContract[public abstract spoon.reflect.declaration.CtCompilationUnit spoon.reflect.declaration.CtCompilationUnit.addDeclaredTypeReference(spoon.reflect.reference.CtTypeReference)]" classname="spoon.test.intercession.OneCanCallSetterWithNullParameterizedTest" time="0"/>
  <testcase name="testContract[public abstract spoon.reflect.declaration.CtCompilationUnit spoon.reflect.declaration.CtCompilationUnit.setDeclaredModule(spoon.reflect.declaration.CtModule)]" classname="spoon.test.intercession.OneCanCallSetterWithNullParameterizedTest" time="0"/>
  <testcase name="testContract[public abstract spoon.reflect.declaration.CtCompilationUnit spoon.reflect.declaration.CtCompilationUnit.setDeclaredModuleReference(spoon.reflect.reference.CtModuleReference)]" classname="spoon.test.intercession.OneCanCallSetterWithNullParameterizedTest" time="0"/>
  <testcase name="testContract[public abstract spoon.reflect.declaration.CtCompilationUnit spoon.reflect.declaration.CtCompilationUnit.setDeclaredPackage(spoon.reflect.declaration.CtPackage)]" classname="spoon.test.intercession.OneCanCallSetterWithNullParameterizedTest" time="0"/>
  <testcase name="testContract[public abstract spoon.reflect.declaration.CtCompilationUnit spoon.reflect.declaration.CtCompilationUnit.setPackageDeclaration(spoon.reflect.declaration.CtPackageDeclaration)]" classname="spoon.test.intercession.OneCanCallSetterWithNullParameterizedTest" time="0"/>
  <testcase name="testContract[public abstract spoon.reflect.declaration.CtElement spoon.reflect.declaration.CtCompilationUnit.setParent(spoon.reflect.declaration.CtElement)]" classname="spoon.test.intercession.OneCanCallSetterWithNullParameterizedTest" time="0"/>
  <testcase name="testContract[public abstract spoon.reflect.declaration.CtTypedElement spoon.reflect.declaration.CtConstructor.setType(spoon.reflect.reference.CtTypeReference)]" classname="spoon.test.intercession.OneCanCallSetterWithNullParameterizedTest" time="0"/>
  <testcase name="testContract[public abstract spoon.reflect.declaration.CtElement spoon.reflect.declaration.CtElement.addAnnotation(spoon.reflect.declaration.CtAnnotation)]" classname="spoon.test.intercession.OneCanCallSetterWithNullParameterizedTest" time="0"/>
  <testcase name="testContract[public abstract spoon.reflect.declaration.CtElement spoon.reflect.declaration.CtElement.setParent(spoon.reflect.declaration.CtElement)]" classname="spoon.test.intercession.OneCanCallSetterWithNullParameterizedTest" time="0"/>
  <testcase name="testContract[public abstract spoon.reflect.declaration.CtElement spoon.reflect.declaration.CtElement.addComment(spoon.reflect.code.CtComment)]" classname="spoon.test.intercession.OneCanCallSetterWithNullParameterizedTest" time="0"/>
  <testcase name="testContract[public abstract spoon.reflect.declaration.CtEnum spoon.reflect.declaration.CtEnum.addEnumValue(spoon.reflect.declaration.CtEnumValue)]" classname="spoon.test.intercession.OneCanCallSetterWithNullParameterizedTest" time="0"/>
  <testcase name="testContract[public abstract spoon.reflect.declaration.CtType spoon.reflect.declaration.CtEnum.setSuperclass(spoon.reflect.reference.CtTypeReference)]" classname="spoon.test.intercession.OneCanCallSetterWithNullParameterizedTest" time="0"/>
  <testcase name="testContract[public abstract spoon.reflect.code.CtRHSReceiver spoon.reflect.declaration.CtEnumValue.setAssignment(spoon.reflect.code.CtExpression)]" classname="spoon.test.intercession.OneCanCallSetterWithNullParameterizedTest" time="0"/>
  <testcase name="testContract[public abstract spoon.reflect.declaration.CtExecutable spoon.reflect.declaration.CtExecutable.addParameter(spoon.reflect.declaration.CtParameter)]" classname="spoon.test.intercession.OneCanCallSetterWithNullParameterizedTest" time="0"/>
  <testcase name="testContract[public abstract spoon.reflect.declaration.CtExecutable spoon.reflect.declaration.CtExecutable.addThrownType(spoon.reflect.reference.CtTypeReference)]" classname="spoon.test.intercession.OneCanCallSetterWithNullParameterizedTest" time="0.001"/>
  <testcase name="testContract[public abstract spoon.reflect.code.CtRHSReceiver spoon.reflect.declaration.CtField.setAssignment(spoon.reflect.code.CtExpression)]" classname="spoon.test.intercession.OneCanCallSetterWithNullParameterizedTest" time="0"/>
  <testcase name="testContract[public abstract spoon.reflect.declaration.CtFormalTypeDeclarer spoon.reflect.declaration.CtFormalTypeDeclarer.addFormalCtTypeParameter(spoon.reflect.declaration.CtTypeParameter)]" classname="spoon.test.intercession.OneCanCallSetterWithNullParameterizedTest" time="0"/>
  <testcase name="testContract[public abstract spoon.reflect.declaration.CtImport spoon.reflect.declaration.CtImport.setReference(spoon.reflect.reference.CtReference)]" classname="spoon.test.intercession.OneCanCallSetterWithNullParameterizedTest" time="0"/>
  <testcase name="testContract[public abstract spoon.reflect.declaration.CtType spoon.reflect.declaration.CtInterface.setSuperclass(spoon.reflect.reference.CtTypeReference)]" classname="spoon.test.intercession.OneCanCallSetterWithNullParameterizedTest" time="0"/>
  <testcase name="testContract[public abstract spoon.reflect.declaration.CtModule spoon.reflect.declaration.CtModule.addModuleDirective(spoon.reflect.declaration.CtModuleDirective)]" classname="spoon.test.intercession.OneCanCallSetterWithNullParameterizedTest" time="0"/>
  <testcase name="testContract[public abstract spoon.reflect.declaration.CtModule spoon.reflect.declaration.CtModule.addUsedService(spoon.reflect.declaration.CtUsedService)]" classname="spoon.test.intercession.OneCanCallSetterWithNullParameterizedTest" time="0"/>
  <testcase name="testContract[public abstract spoon.reflect.declaration.CtModule spoon.reflect.declaration.CtModule.addExportedPackage(spoon.reflect.declaration.CtPackageExport)]" classname="spoon.test.intercession.OneCanCallSetterWithNullParameterizedTest" time="0.001"/>
  <testcase name="testContract[public abstract spoon.reflect.declaration.CtModule spoon.reflect.declaration.CtModule.addOpenedPackage(spoon.reflect.declaration.CtPackageExport)]" classname="spoon.test.intercession.OneCanCallSetterWithNullParameterizedTest" time="0"/>
  <testcase name="testContract[public abstract spoon.reflect.declaration.CtModule spoon.reflect.declaration.CtModule.addRequiredModule(spoon.reflect.declaration.CtModuleRequirement)]" classname="spoon.test.intercession.OneCanCallSetterWithNullParameterizedTest" time="0"/>
  <testcase name="testContract[public abstract spoon.reflect.declaration.CtModule spoon.reflect.declaration.CtModule.addProvidedService(spoon.reflect.declaration.CtProvidedService)]" classname="spoon.test.intercession.OneCanCallSetterWithNullParameterizedTest" time="0"/>
  <testcase name="testContract[public abstract spoon.reflect.declaration.CtModule spoon.reflect.declaration.CtModule.setRootPackage(spoon.reflect.declaration.CtPackage)]" classname="spoon.test.intercession.OneCanCallSetterWithNullParameterizedTest" time="0"/>
  <testcase name="testContract[public abstract spoon.reflect.declaration.CtModuleRequirement spoon.reflect.declaration.CtModuleRequirement.setModuleReference(spoon.reflect.reference.CtModuleReference)]" classname="spoon.test.intercession.OneCanCallSetterWithNullParameterizedTest" time="0"/>
  <testcase name="testContract[public abstract spoon.reflect.declaration.CtMultiTypedElement spoon.reflect.declaration.CtMultiTypedElement.addMultiType(spoon.reflect.reference.CtTypeReference)]" classname="spoon.test.intercession.OneCanCallSetterWithNullParameterizedTest" time="0"/>
  <testcase name="testContract[public abstract spoon.reflect.declaration.CtPackage spoon.reflect.declaration.CtPackage.addType(spoon.reflect.declaration.CtType)]" classname="spoon.test.intercession.OneCanCallSetterWithNullParameterizedTest" time="0"/>
  <testcase name="testContract[public abstract spoon.reflect.declaration.CtPackage spoon.reflect.declaration.CtPackage.addPackage(spoon.reflect.declaration.CtPackage)]" classname="spoon.test.intercession.OneCanCallSetterWithNullParameterizedTest" time="0"/>
  <testcase name="testContract[public abstract spoon.reflect.declaration.CtPackageDeclaration spoon.reflect.declaration.CtPackageDeclaration.setReference(spoon.reflect.reference.CtPackageReference)]" classname="spoon.test.intercession.OneCanCallSetterWithNullParameterizedTest" time="0"/>
  <testcase name="testContract[public abstract spoon.reflect.declaration.CtPackageExport spoon.reflect.declaration.CtPackageExport.setPackageReference(spoon.reflect.reference.CtPackageReference)]" classname="spoon.test.intercession.OneCanCallSetterWithNullParameterizedTest" time="0"/>
  <testcase name="testContract[public abstract spoon.reflect.declaration.CtPackageExport spoon.reflect.declaration.CtPackageExport.addTargetExport(spoon.reflect.reference.CtModuleReference)]" classname="spoon.test.intercession.OneCanCallSetterWithNullParameterizedTest" time="0"/>
  <testcase name="testContract[public abstract spoon.reflect.declaration.CtVariable spoon.reflect.declaration.CtParameter.setDefaultExpression(spoon.reflect.code.CtExpression)]" classname="spoon.test.intercession.OneCanCallSetterWithNullParameterizedTest" time="0"/>
  <testcase name="testContract[public abstract spoon.reflect.declaration.CtProvidedService spoon.reflect.declaration.CtProvidedService.setServiceType(spoon.reflect.reference.CtTypeReference)]" classname="spoon.test.intercession.OneCanCallSetterWithNullParameterizedTest" time="0"/>
  <testcase name="testContract[public abstract spoon.reflect.declaration.CtProvidedService spoon.reflect.declaration.CtProvidedService.addImplementationType(spoon.reflect.reference.CtTypeReference)]" classname="spoon.test.intercession.OneCanCallSetterWithNullParameterizedTest" time="0.001"/>
  <testcase name="testContract[public abstract spoon.reflect.declaration.CtType spoon.reflect.declaration.CtType.addFieldAtTop(spoon.reflect.declaration.CtField)]" classname="spoon.test.intercession.OneCanCallSetterWithNullParameterizedTest" time="0"/>
  <testcase name="testContract[public abstract spoon.reflect.declaration.CtType spoon.reflect.declaration.CtType.addField(spoon.reflect.declaration.CtField)]" classname="spoon.test.intercession.OneCanCallSetterWithNullParameterizedTest" time="0"/>
  <testcase name="testContract[public abstract spoon.reflect.declaration.CtType spoon.reflect.declaration.CtType.addNestedType(spoon.reflect.declaration.CtType)]" classname="spoon.test.intercession.OneCanCallSetterWithNullParameterizedTest" time="0"/>
  <testcase name="testContract[public abstract spoon.reflect.declaration.CtType spoon.reflect.declaration.CtType.addMethod(spoon.reflect.declaration.CtMethod)]" classname="spoon.test.intercession.OneCanCallSetterWithNullParameterizedTest" time="0"/>
  <testcase name="testContract[public abstract spoon.reflect.declaration.CtType spoon.reflect.declaration.CtType.setSuperclass(spoon.reflect.reference.CtTypeReference)]" classname="spoon.test.intercession.OneCanCallSetterWithNullParameterizedTest" time="0"/>
  <testcase name="testContract[public abstract spoon.reflect.declaration.CtType spoon.reflect.declaration.CtType.addSuperInterface(spoon.reflect.reference.CtTypeReference)]" classname="spoon.test.intercession.OneCanCallSetterWithNullParameterizedTest" time="0"/>
  <testcase name="testContract[public abstract spoon.reflect.declaration.CtType spoon.reflect.declaration.CtType.addTypeMember(spoon.reflect.declaration.CtTypeMember)]" classname="spoon.test.intercession.OneCanCallSetterWithNullParameterizedTest" time="0.001"/>
  <testcase name="testContract[public abstract spoon.reflect.declaration.CtType spoon.reflect.declaration.CtTypeParameter.addSuperInterface(spoon.reflect.reference.CtTypeReference)]" classname="spoon.test.intercession.OneCanCallSetterWithNullParameterizedTest" time="0"/>
  <testcase name="testContract[public abstract spoon.reflect.declaration.CtType spoon.reflect.declaration.CtTypeParameter.addMethod(spoon.reflect.declaration.CtMethod)]" classname="spoon.test.intercession.OneCanCallSetterWithNullParameterizedTest" time="0"/>
  <testcase name="testContract[public abstract spoon.reflect.declaration.CtType spoon.reflect.declaration.CtTypeParameter.addNestedType(spoon.reflect.declaration.CtType)]" classname="spoon.test.intercession.OneCanCallSetterWithNullParameterizedTest" time="0"/>
  <testcase name="testContract[public abstract spoon.reflect.declaration.CtType spoon.reflect.declaration.CtTypeParameter.addFieldAtTop(spoon.reflect.declaration.CtField)]" classname="spoon.test.intercession.OneCanCallSetterWithNullParameterizedTest" time="0"/>
  <testcase name="testContract[public abstract spoon.reflect.declaration.CtTypedElement spoon.reflect.declaration.CtTypedElement.setType(spoon.reflect.reference.CtTypeReference)]" classname="spoon.test.intercession.OneCanCallSetterWithNullParameterizedTest" time="0"/>
  <testcase name="testContract[public abstract spoon.reflect.declaration.CtUsedService spoon.reflect.declaration.CtUsedService.setServiceType(spoon.reflect.reference.CtTypeReference)]" classname="spoon.test.intercession.OneCanCallSetterWithNullParameterizedTest" time="0"/>
  <testcase name="testContract[public abstract spoon.reflect.declaration.CtVariable spoon.reflect.declaration.CtVariable.setDefaultExpression(spoon.reflect.code.CtExpression)]" classname="spoon.test.intercession.OneCanCallSetterWithNullParameterizedTest" time="0"/>
  <testcase name="testContract[public abstract spoon.reflect.reference.CtActualTypeContainer spoon.reflect.reference.CtActualTypeContainer.addActualTypeArgument(spoon.reflect.reference.CtTypeReference)]" classname="spoon.test.intercession.OneCanCallSetterWithNullParameterizedTest" time="0"/>
  <testcase name="testContract[public abstract spoon.reflect.reference.CtArrayTypeReference spoon.reflect.reference.CtArrayTypeReference.setComponentType(spoon.reflect.reference.CtTypeReference)]" classname="spoon.test.intercession.OneCanCallSetterWithNullParameterizedTest" time="0"/>
  <testcase name="testContract[public abstract spoon.reflect.reference.CtExecutableReference spoon.reflect.reference.CtExecutableReference.setDeclaringType(spoon.reflect.reference.CtTypeReference)]" classname="spoon.test.intercession.OneCanCallSetterWithNullParameterizedTest" time="0"/>
  <testcase name="testContract[public abstract spoon.reflect.reference.CtExecutableReference spoon.reflect.reference.CtExecutableReference.setType(spoon.reflect.reference.CtTypeReference)]" classname="spoon.test.intercession.OneCanCallSetterWithNullParameterizedTest" time="0"/>
  <testcase name="testContract[public abstract spoon.reflect.reference.CtFieldReference spoon.reflect.reference.CtFieldReference.setDeclaringType(spoon.reflect.reference.CtTypeReference)]" classname="spoon.test.intercession.OneCanCallSetterWithNullParameterizedTest" time="0"/>
  <testcase name="testContract[public abstract spoon.reflect.reference.CtIntersectionTypeReference spoon.reflect.reference.CtIntersectionTypeReference.addBound(spoon.reflect.reference.CtTypeReference)]" classname="spoon.test.intercession.OneCanCallSetterWithNullParameterizedTest" time="0"/>
  <testcase name="testContract[public abstract spoon.reflect.reference.CtTypeMemberWildcardImportReference spoon.reflect.reference.CtTypeMemberWildcardImportReference.setTypeReference(spoon.reflect.reference.CtTypeReference)]" classname="spoon.test.intercession.OneCanCallSetterWithNullParameterizedTest" time="0"/>
  <testcase name="testContract[public abstract spoon.reflect.declaration.CtElement spoon.reflect.reference.CtTypeMemberWildcardImportReference.addAnnotation(spoon.reflect.declaration.CtAnnotation)]" classname="spoon.test.intercession.OneCanCallSetterWithNullParameterizedTest" time="0"/>
  <testcase name="testContract[public abstract spoon.reflect.reference.CtTypeReference spoon.reflect.reference.CtTypeReference.setDeclaringType(spoon.reflect.reference.CtTypeReference)]" classname="spoon.test.intercession.OneCanCallSetterWithNullParameterizedTest" time="0"/>
  <testcase name="testContract[public abstract spoon.reflect.reference.CtTypeReference spoon.reflect.reference.CtTypeReference.setPackage(spoon.reflect.reference.CtPackageReference)]" classname="spoon.test.intercession.OneCanCallSetterWithNullParameterizedTest" time="0"/>
  <testcase name="testContract[public abstract spoon.reflect.reference.CtVariableReference spoon.reflect.reference.CtVariableReference.setType(spoon.reflect.reference.CtTypeReference)]" classname="spoon.test.intercession.OneCanCallSetterWithNullParameterizedTest" time="0"/>
  <testcase name="testContract[public abstract spoon.reflect.reference.CtWildcardReference spoon.reflect.reference.CtWildcardReference.setBoundingType(spoon.reflect.reference.CtTypeReference)]" classname="spoon.test.intercession.OneCanCallSetterWithNullParameterizedTest" time="0"/>
</testsuite>